{"synthetic": false,
 "outputs": null,
 "log":
 [{"message":
   ".> ELAN=elan ELAN_HOME=/home/runner/.elan ELAN_TOOLCHAIN=leanprover/lean4:v4.22.0 LAKE=/home/runner/.elan/toolchains/leanprover--lean4---v4.22.0/bin/lake LAKE_HOME=/home/runner/.elan/toolchains/leanprover--lean4---v4.22.0 LAKE_PKG_URL_MAP={} LAKE_NO_CACHE=false LAKE_ARTIFACT_CACHE=false LAKE_CACHE_DIR=/home/runner/.elan/toolchains/leanprover--lean4---v4.22.0/lake/cache LEAN=/home/runner/.elan/toolchains/leanprover--lean4---v4.22.0/bin/lean LEAN_GITHASH=ba2cbbf09d4978f416e0ebd1fceeebc2c4138c05 LEAN_SYSROOT=/home/runner/.elan/toolchains/leanprover--lean4---v4.22.0 LEAN_AR=/home/runner/.elan/toolchains/leanprover--lean4---v4.22.0/bin/llvm-ar LEAN_CC= LEAN_PATH=/home/runner/work/ArkLib/ArkLib/.lake/packages/batteries/.lake/build/lib/lean:/home/runner/work/ArkLib/ArkLib/.lake/packages/Qq/.lake/build/lib/lean:/home/runner/work/ArkLib/ArkLib/.lake/packages/aesop/.lake/build/lib/lean:/home/runner/work/ArkLib/ArkLib/.lake/packages/proofwidgets/.lake/build/lib/lean:/home/runner/work/ArkLib/ArkLib/.lake/packages/importGraph/.lake/build/lib/lean:/home/runner/work/ArkLib/ArkLib/.lake/packages/LeanSearchClient/.lake/build/lib/lean:/home/runner/work/ArkLib/ArkLib/.lake/packages/plausible/.lake/build/lib/lean:/home/runner/work/ArkLib/ArkLib/.lake/packages/mathlib/.lake/build/lib/lean:/home/runner/work/ArkLib/ArkLib/.lake/packages/MD4Lean/.lake/build/lib/lean:/home/runner/work/ArkLib/ArkLib/.lake/packages/BibtexQuery/.lake/build/lib/lean:/home/runner/work/ArkLib/ArkLib/.lake/packages/UnicodeBasic/.lake/build/lib/lean:/home/runner/work/ArkLib/ArkLib/.lake/packages/Cli/.lake/build/lib/lean:/home/runner/work/ArkLib/ArkLib/.lake/packages/VCVio/.lake/build/lib/lean:/home/runner/work/ArkLib/ArkLib/.lake/packages/doc-gen4/.lake/build/lib/lean:/home/runner/work/ArkLib/ArkLib/.lake/packages/checkdecls/.lake/build/lib/lean:/home/runner/work/ArkLib/ArkLib/.lake/build/lib/lean:/home/runner/.elan/toolchains/leanprover--lean4---v4.22.0/lib/lean LEAN_SRC_PATH=/home/runner/work/ArkLib/ArkLib/.lake/packages/batteries:/home/runner/work/ArkLib/ArkLib/.lake/packages/batteries:/home/runner/work/ArkLib/ArkLib/.lake/packages/Qq:/home/runner/work/ArkLib/ArkLib/.lake/packages/aesop:/home/runner/work/ArkLib/ArkLib/.lake/packages/aesop:/home/runner/work/ArkLib/ArkLib/.lake/packages/proofwidgets:/home/runner/work/ArkLib/ArkLib/.lake/packages/proofwidgets:/home/runner/work/ArkLib/ArkLib/.lake/packages/importGraph:/home/runner/work/ArkLib/ArkLib/.lake/packages/importGraph:/home/runner/work/ArkLib/ArkLib/.lake/packages/LeanSearchClient:/home/runner/work/ArkLib/ArkLib/.lake/packages/LeanSearchClient:/home/runner/work/ArkLib/ArkLib/.lake/packages/plausible:/home/runner/work/ArkLib/ArkLib/.lake/packages/plausible:/home/runner/work/ArkLib/ArkLib/.lake/packages/mathlib:/home/runner/work/ArkLib/ArkLib/.lake/packages/mathlib:/home/runner/work/ArkLib/ArkLib/.lake/packages/mathlib:/home/runner/work/ArkLib/ArkLib/.lake/packages/mathlib:/home/runner/work/ArkLib/ArkLib/.lake/packages/mathlib:/home/runner/work/ArkLib/ArkLib/.lake/packages/mathlib:/home/runner/work/ArkLib/ArkLib/.lake/packages/mathlib:/home/runner/work/ArkLib/ArkLib/.lake/packages/MD4Lean:/home/runner/work/ArkLib/ArkLib/.lake/packages/MD4Lean:/home/runner/work/ArkLib/ArkLib/.lake/packages/BibtexQuery:/home/runner/work/ArkLib/ArkLib/.lake/packages/UnicodeBasic:/home/runner/work/ArkLib/ArkLib/.lake/packages/UnicodeBasic:/home/runner/work/ArkLib/ArkLib/.lake/packages/Cli:/home/runner/work/ArkLib/ArkLib/.lake/packages/VCVio:/home/runner/work/ArkLib/ArkLib/.lake/packages/VCVio:/home/runner/work/ArkLib/ArkLib/.lake/packages/VCVio:/home/runner/work/ArkLib/ArkLib/.lake/packages/VCVio:/home/runner/work/ArkLib/ArkLib/.lake/packages/doc-gen4:/home/runner/work/ArkLib/ArkLib:/home/runner/.elan/toolchains/leanprover--lean4---v4.22.0/src/lean/lake PATH LD_LIBRARY_PATH=/home/runner/.elan/toolchains/leanprover--lean4---v4.22.0/lib/lean:/home/runner/.elan/toolchains/leanprover--lean4---v4.22.0/lib:/home/runner/work/ArkLib/ArkLib/.lake/build/lib:/home/runner/work/ArkLib/ArkLib/.lake/packages/checkdecls/.lake/build/lib:/home/runner/work/ArkLib/ArkLib/.lake/packages/doc-gen4/.lake/build/lib:/home/runner/work/ArkLib/ArkLib/.lake/packages/VCVio/.lake/build/lib:/home/runner/work/ArkLib/ArkLib/.lake/packages/Cli/.lake/build/lib:/home/runner/work/ArkLib/ArkLib/.lake/packages/UnicodeBasic/.lake/build/lib:/home/runner/work/ArkLib/ArkLib/.lake/packages/BibtexQuery/.lake/build/lib:/home/runner/work/ArkLib/ArkLib/.lake/packages/MD4Lean/.lake/build/lib:/home/runner/work/ArkLib/ArkLib/.lake/packages/mathlib/.lake/build/lib:/home/runner/work/ArkLib/ArkLib/.lake/packages/plausible/.lake/build/lib:/home/runner/work/ArkLib/ArkLib/.lake/packages/LeanSearchClient/.lake/build/lib:/home/runner/work/ArkLib/ArkLib/.lake/packages/importGraph/.lake/build/lib:/home/runner/work/ArkLib/ArkLib/.lake/packages/proofwidgets/.lake/build/lib:/home/runner/work/ArkLib/ArkLib/.lake/packages/aesop/.lake/build/lib:/home/runner/work/ArkLib/ArkLib/.lake/packages/Qq/.lake/build/lib:/home/runner/work/ArkLib/ArkLib/.lake/packages/batteries/.lake/build/lib /home/runner/work/ArkLib/ArkLib/.lake/packages/doc-gen4/.lake/build/bin/doc-gen4 single --build /home/runner/work/ArkLib/ArkLib/.lake/build Mathlib.Tactic.Common https://github.com/leanprover-community/mathlib4/blob/79e94a093aff4a60fb1b1f92d9681e407124c2ca/Mathlib/Tactic/Common.lean",
   "level": "trace"}],
 "inputs":
 [["<collection>",
   [["/home/runner/work/ArkLib/ArkLib/.lake/build/doc/Aesop.html",
     "15635928486072856063"],
    ["/home/runner/work/ArkLib/ArkLib/.lake/build/doc/Qq.html",
     "4908640049496017909"],
    ["/home/runner/work/ArkLib/ArkLib/.lake/build/doc/Plausible.html",
     "16228378945270993030"],
    ["/home/runner/work/ArkLib/ArkLib/.lake/build/doc/ImportGraph/Imports.html",
     "2717279368438399356"],
    ["/home/runner/work/ArkLib/ArkLib/.lake/build/doc/Batteries/Tactic/Basic.html",
     "10001761762174981318"],
    ["/home/runner/work/ArkLib/ArkLib/.lake/build/doc/Batteries/Tactic/Case.html",
     "2104517267791573606"],
    ["/home/runner/work/ArkLib/ArkLib/.lake/build/doc/Batteries/Tactic/HelpCmd.html",
     "3423867300001421268"],
    ["/home/runner/work/ArkLib/ArkLib/.lake/build/doc/LeanSearchClient.html",
     "16338284956018294328"],
    ["/home/runner/work/ArkLib/ArkLib/.lake/build/doc/Mathlib/Tactic/Linter/Lint.html",
     "13823730841277160103"],
    ["/home/runner/work/ArkLib/ArkLib/.lake/build/doc/Mathlib/Tactic/ApplyCongr.html",
     "15463457243614590852"],
    ["/home/runner/work/ArkLib/ArkLib/.lake/build/doc/Mathlib/Tactic/ApplyAt.html",
     "2444159322512311708"],
    ["/home/runner/work/ArkLib/ArkLib/.lake/build/doc/Mathlib/Tactic/ApplyWith.html",
     "3527341166802180453"],
    ["/home/runner/work/ArkLib/ArkLib/.lake/build/doc/Mathlib/Tactic/Basic.html",
     "12159404509493708574"],
    ["/home/runner/work/ArkLib/ArkLib/.lake/build/doc/Mathlib/Tactic/ByContra.html",
     "16564425108562366174"],
    ["/home/runner/work/ArkLib/ArkLib/.lake/build/doc/Mathlib/Tactic/Cases.html",
     "8441354116609538730"],
    ["/home/runner/work/ArkLib/ArkLib/.lake/build/doc/Mathlib/Tactic/CasesM.html",
     "11834223856955038776"],
    ["/home/runner/work/ArkLib/ArkLib/.lake/build/doc/Mathlib/Tactic/Check.html",
     "12866055474375519459"],
    ["/home/runner/work/ArkLib/ArkLib/.lake/build/doc/Mathlib/Tactic/Choose.html",
     "358496953482242562"],
    ["/home/runner/work/ArkLib/ArkLib/.lake/build/doc/Mathlib/Tactic/ClearExclamation.html",
     "14749343743868128586"],
    ["/home/runner/work/ArkLib/ArkLib/.lake/build/doc/Mathlib/Tactic/ClearExcept.html",
     "16574630286312850831"],
    ["/home/runner/work/ArkLib/ArkLib/.lake/build/doc/Mathlib/Tactic/Clear_.html",
     "15373145201230328037"],
    ["/home/runner/work/ArkLib/ArkLib/.lake/build/doc/Mathlib/Tactic/Coe.html",
     "8577399418899978372"],
    ["/home/runner/work/ArkLib/ArkLib/.lake/build/doc/Mathlib/Tactic/CongrExclamation.html",
     "14662229777536446433"],
    ["/home/runner/work/ArkLib/ArkLib/.lake/build/doc/Mathlib/Tactic/CongrM.html",
     "14262766888808020851"],
    ["/home/runner/work/ArkLib/ArkLib/.lake/build/doc/Mathlib/Tactic/Constructor.html",
     "10198173308654478654"],
    ["/home/runner/work/ArkLib/ArkLib/.lake/build/doc/Mathlib/Tactic/Contrapose.html",
     "12034551968693652429"],
    ["/home/runner/work/ArkLib/ArkLib/.lake/build/doc/Mathlib/Tactic/Conv.html",
     "15170716062200521038"],
    ["/home/runner/work/ArkLib/ArkLib/.lake/build/doc/Mathlib/Tactic/Convert.html",
     "1183288750695194068"],
    ["/home/runner/work/ArkLib/ArkLib/.lake/build/doc/Mathlib/Tactic/DefEqTransformations.html",
     "16561970235745945600"],
    ["/home/runner/work/ArkLib/ArkLib/.lake/build/doc/Mathlib/Tactic/DeprecateTo.html",
     "7022353594525926321"],
    ["/home/runner/work/ArkLib/ArkLib/.lake/build/doc/Mathlib/Tactic/ErwQuestion.html",
     "17000893122182129216"],
    ["/home/runner/work/ArkLib/ArkLib/.lake/build/doc/Mathlib/Tactic/Eqns.html",
     "17998032376920778031"],
    ["/home/runner/work/ArkLib/ArkLib/.lake/build/doc/Mathlib/Tactic/ExistsI.html",
     "2634980176593191159"],
    ["/home/runner/work/ArkLib/ArkLib/.lake/build/doc/Mathlib/Tactic/ExtractGoal.html",
     "6931772502059501161"],
    ["/home/runner/work/ArkLib/ArkLib/.lake/build/doc/Mathlib/Tactic/FailIfNoProgress.html",
     "14184010306206439074"],
    ["/home/runner/work/ArkLib/ArkLib/.lake/build/doc/Mathlib/Tactic/Find.html",
     "2418534418299451435"],
    ["/home/runner/work/ArkLib/ArkLib/.lake/build/doc/Mathlib/Tactic/GCongr.html",
     "10120813591965250530"],
    ["/home/runner/work/ArkLib/ArkLib/.lake/build/doc/Mathlib/Tactic/GRewrite.html",
     "5431468723264875008"],
    ["/home/runner/work/ArkLib/ArkLib/.lake/build/doc/Mathlib/Tactic/GeneralizeProofs.html",
     "14271994201918704621"],
    ["/home/runner/work/ArkLib/ArkLib/.lake/build/doc/Mathlib/Tactic/GuardGoalNums.html",
     "8813821842589737485"],
    ["/home/runner/work/ArkLib/ArkLib/.lake/build/doc/Mathlib/Tactic/GuardHypNums.html",
     "10022545951549185098"],
    ["/home/runner/work/ArkLib/ArkLib/.lake/build/doc/Mathlib/Tactic/HigherOrder.html",
     "12435063467536529368"],
    ["/home/runner/work/ArkLib/ArkLib/.lake/build/doc/Mathlib/Tactic/Hint.html",
     "2420509133634053242"],
    ["/home/runner/work/ArkLib/ArkLib/.lake/build/doc/Mathlib/Tactic/InferParam.html",
     "17165479603423090733"],
    ["/home/runner/work/ArkLib/ArkLib/.lake/build/doc/Mathlib/Tactic/Inhabit.html",
     "4054517878390291799"],
    ["/home/runner/work/ArkLib/ArkLib/.lake/build/doc/Mathlib/Tactic/IrreducibleDef.html",
     "5105121994577625161"],
    ["/home/runner/work/ArkLib/ArkLib/.lake/build/doc/Mathlib/Tactic/Lift.html",
     "15313227804492924086"],
    ["/home/runner/work/ArkLib/ArkLib/.lake/build/doc/Mathlib/Tactic/Linter.html",
     "15852041309856105864"],
    ["/home/runner/work/ArkLib/ArkLib/.lake/build/doc/Mathlib/Tactic/MkIffOfInductiveProp.html",
     "16883584663013440237"],
    ["/home/runner/work/ArkLib/ArkLib/.lake/build/doc/Mathlib/Tactic/NthRewrite.html",
     "15207216147958109566"],
    ["/home/runner/work/ArkLib/ArkLib/.lake/build/doc/Mathlib/Tactic/Observe.html",
     "17502278490964166202"],
    ["/home/runner/work/ArkLib/ArkLib/.lake/build/doc/Mathlib/Tactic/OfNat.html",
     "17291418736589822888"],
    ["/home/runner/work/ArkLib/ArkLib/.lake/build/doc/Mathlib/Tactic/Propose.html",
     "13193530424921111649"],
    ["/home/runner/work/ArkLib/ArkLib/.lake/build/doc/Mathlib/Tactic/Push.html",
     "1336846614879376191"],
    ["/home/runner/work/ArkLib/ArkLib/.lake/build/doc/Mathlib/Tactic/RSuffices.html",
     "357280717283448439"],
    ["/home/runner/work/ArkLib/ArkLib/.lake/build/doc/Mathlib/Tactic/Recover.html",
     "18252555557446715112"],
    ["/home/runner/work/ArkLib/ArkLib/.lake/build/doc/Mathlib/Tactic/Relation/Rfl.html",
     "3162733506817950660"],
    ["/home/runner/work/ArkLib/ArkLib/.lake/build/doc/Mathlib/Tactic/Rename.html",
     "11201805676078332797"],
    ["/home/runner/work/ArkLib/ArkLib/.lake/build/doc/Mathlib/Tactic/RenameBVar.html",
     "1301980958598810614"],
    ["/home/runner/work/ArkLib/ArkLib/.lake/build/doc/Mathlib/Tactic/Says.html",
     "4295562033737163224"],
    ["/home/runner/work/ArkLib/ArkLib/.lake/build/doc/Mathlib/Tactic/ScopedNS.html",
     "7232815610981806861"],
    ["/home/runner/work/ArkLib/ArkLib/.lake/build/doc/Mathlib/Tactic/Set.html",
     "583297409473599550"],
    ["/home/runner/work/ArkLib/ArkLib/.lake/build/doc/Mathlib/Tactic/SimpIntro.html",
     "16372601293488652996"],
    ["/home/runner/work/ArkLib/ArkLib/.lake/build/doc/Mathlib/Tactic/SimpRw.html",
     "11102834211849668678"],
    ["/home/runner/work/ArkLib/ArkLib/.lake/build/doc/Mathlib/Tactic/Simps/Basic.html",
     "2820974539263687696"],
    ["/home/runner/work/ArkLib/ArkLib/.lake/build/doc/Mathlib/Tactic/SplitIfs.html",
     "5905729813910269111"],
    ["/home/runner/work/ArkLib/ArkLib/.lake/build/doc/Mathlib/Tactic/Spread.html",
     "18104544140156878311"],
    ["/home/runner/work/ArkLib/ArkLib/.lake/build/doc/Mathlib/Tactic/Subsingleton.html",
     "15164850746909269729"],
    ["/home/runner/work/ArkLib/ArkLib/.lake/build/doc/Mathlib/Tactic/Substs.html",
     "503187167492110262"],
    ["/home/runner/work/ArkLib/ArkLib/.lake/build/doc/Mathlib/Tactic/SuccessIfFailWithMsg.html",
     "3303226940687536351"],
    ["/home/runner/work/ArkLib/ArkLib/.lake/build/doc/Mathlib/Tactic/SudoSetOption.html",
     "11790331665732663315"],
    ["/home/runner/work/ArkLib/ArkLib/.lake/build/doc/Mathlib/Tactic/SwapVar.html",
     "16154329411210573834"],
    ["/home/runner/work/ArkLib/ArkLib/.lake/build/doc/Mathlib/Tactic/Tauto.html",
     "2626001538632286078"],
    ["/home/runner/work/ArkLib/ArkLib/.lake/build/doc/Mathlib/Tactic/TermCongr.html",
     "11237549347484699069"],
    ["/home/runner/work/ArkLib/ArkLib/.lake/build/doc/Mathlib/Tactic/ToExpr.html",
     "13650631863085154123"],
    ["/home/runner/work/ArkLib/ArkLib/.lake/build/doc/Mathlib/Tactic/ToLevel.html",
     "3505999782663093117"],
    ["/home/runner/work/ArkLib/ArkLib/.lake/build/doc/Mathlib/Tactic/Trace.html",
     "12097723498060262449"],
    ["/home/runner/work/ArkLib/ArkLib/.lake/build/doc/Mathlib/Tactic/TypeCheck.html",
     "2714711081735516092"],
    ["/home/runner/work/ArkLib/ArkLib/.lake/build/doc/Mathlib/Tactic/UnsetOption.html",
     "9808909141839622911"],
    ["/home/runner/work/ArkLib/ArkLib/.lake/build/doc/Mathlib/Tactic/Use.html",
     "3263885256005947847"],
    ["/home/runner/work/ArkLib/ArkLib/.lake/build/doc/Mathlib/Tactic/Variable.html",
     "16982739852387464103"],
    ["/home/runner/work/ArkLib/ArkLib/.lake/build/doc/Mathlib/Tactic/Widget/Calc.html",
     "4559007145757298319"],
    ["/home/runner/work/ArkLib/ArkLib/.lake/build/doc/Mathlib/Tactic/Widget/CongrM.html",
     "9082716943522102055"],
    ["/home/runner/work/ArkLib/ArkLib/.lake/build/doc/Mathlib/Tactic/Widget/Conv.html",
     "4039066161764305961"],
    ["/home/runner/work/ArkLib/ArkLib/.lake/build/doc/Mathlib/Tactic/Widget/LibraryRewrite.html",
     "1975474323728058475"],
    ["/home/runner/work/ArkLib/ArkLib/.lake/build/doc/Mathlib/Tactic/WLOG.html",
     "1100521675421972444"],
    ["/home/runner/work/ArkLib/ArkLib/.lake/build/doc/Mathlib/Util/AssertExists.html",
     "11832951804581384453"],
    ["/home/runner/work/ArkLib/ArkLib/.lake/build/doc/Mathlib/Util/CountHeartbeats.html",
     "6066344769466215162"],
    ["/home/runner/work/ArkLib/ArkLib/.lake/build/doc/Mathlib/Util/TransImports.html",
     "17164346063343821263"],
    ["/home/runner/work/ArkLib/ArkLib/.lake/build/doc/Mathlib/Util/WhatsNew.html",
     "1165082597489591247"]]],
  ["/home/runner/work/ArkLib/ArkLib/.lake/build/doc-data/references.json",
   "11893762902049086281"],
  ["/home/runner/work/ArkLib/ArkLib/.lake/packages/doc-gen4/.lake/build/bin/doc-gen4",
   "5062148696150494445"],
  ["Mathlib.Tactic.Common:leanArts", "12955732276731597780"]],
 "depHash": "14171457245563949908"}