{"synthetic": false,
 "outputs": null,
 "log":
 [{"message":
   ".> ELAN=elan ELAN_HOME=/home/runner/.elan ELAN_TOOLCHAIN=leanprover/lean4:v4.22.0 LAKE=/home/runner/.elan/toolchains/leanprover--lean4---v4.22.0/bin/lake LAKE_HOME=/home/runner/.elan/toolchains/leanprover--lean4---v4.22.0 LAKE_PKG_URL_MAP={} LAKE_NO_CACHE=false LAKE_ARTIFACT_CACHE=false LAKE_CACHE_DIR=/home/runner/.elan/toolchains/leanprover--lean4---v4.22.0/lake/cache LEAN=/home/runner/.elan/toolchains/leanprover--lean4---v4.22.0/bin/lean LEAN_GITHASH=ba2cbbf09d4978f416e0ebd1fceeebc2c4138c05 LEAN_SYSROOT=/home/runner/.elan/toolchains/leanprover--lean4---v4.22.0 LEAN_AR=/home/runner/.elan/toolchains/leanprover--lean4---v4.22.0/bin/llvm-ar LEAN_CC= LEAN_PATH=/home/runner/work/ArkLib/ArkLib/.lake/packages/batteries/.lake/build/lib/lean:/home/runner/work/ArkLib/ArkLib/.lake/packages/Qq/.lake/build/lib/lean:/home/runner/work/ArkLib/ArkLib/.lake/packages/aesop/.lake/build/lib/lean:/home/runner/work/ArkLib/ArkLib/.lake/packages/proofwidgets/.lake/build/lib/lean:/home/runner/work/ArkLib/ArkLib/.lake/packages/importGraph/.lake/build/lib/lean:/home/runner/work/ArkLib/ArkLib/.lake/packages/LeanSearchClient/.lake/build/lib/lean:/home/runner/work/ArkLib/ArkLib/.lake/packages/plausible/.lake/build/lib/lean:/home/runner/work/ArkLib/ArkLib/.lake/packages/mathlib/.lake/build/lib/lean:/home/runner/work/ArkLib/ArkLib/.lake/packages/MD4Lean/.lake/build/lib/lean:/home/runner/work/ArkLib/ArkLib/.lake/packages/BibtexQuery/.lake/build/lib/lean:/home/runner/work/ArkLib/ArkLib/.lake/packages/UnicodeBasic/.lake/build/lib/lean:/home/runner/work/ArkLib/ArkLib/.lake/packages/Cli/.lake/build/lib/lean:/home/runner/work/ArkLib/ArkLib/.lake/packages/VCVio/.lake/build/lib/lean:/home/runner/work/ArkLib/ArkLib/.lake/packages/doc-gen4/.lake/build/lib/lean:/home/runner/work/ArkLib/ArkLib/.lake/packages/checkdecls/.lake/build/lib/lean:/home/runner/work/ArkLib/ArkLib/.lake/build/lib/lean:/home/runner/.elan/toolchains/leanprover--lean4---v4.22.0/lib/lean LEAN_SRC_PATH=/home/runner/work/ArkLib/ArkLib/.lake/packages/batteries:/home/runner/work/ArkLib/ArkLib/.lake/packages/batteries:/home/runner/work/ArkLib/ArkLib/.lake/packages/Qq:/home/runner/work/ArkLib/ArkLib/.lake/packages/aesop:/home/runner/work/ArkLib/ArkLib/.lake/packages/aesop:/home/runner/work/ArkLib/ArkLib/.lake/packages/proofwidgets:/home/runner/work/ArkLib/ArkLib/.lake/packages/proofwidgets:/home/runner/work/ArkLib/ArkLib/.lake/packages/importGraph:/home/runner/work/ArkLib/ArkLib/.lake/packages/importGraph:/home/runner/work/ArkLib/ArkLib/.lake/packages/LeanSearchClient:/home/runner/work/ArkLib/ArkLib/.lake/packages/LeanSearchClient:/home/runner/work/ArkLib/ArkLib/.lake/packages/plausible:/home/runner/work/ArkLib/ArkLib/.lake/packages/plausible:/home/runner/work/ArkLib/ArkLib/.lake/packages/mathlib:/home/runner/work/ArkLib/ArkLib/.lake/packages/mathlib:/home/runner/work/ArkLib/ArkLib/.lake/packages/mathlib:/home/runner/work/ArkLib/ArkLib/.lake/packages/mathlib:/home/runner/work/ArkLib/ArkLib/.lake/packages/mathlib:/home/runner/work/ArkLib/ArkLib/.lake/packages/mathlib:/home/runner/work/ArkLib/ArkLib/.lake/packages/mathlib:/home/runner/work/ArkLib/ArkLib/.lake/packages/MD4Lean:/home/runner/work/ArkLib/ArkLib/.lake/packages/MD4Lean:/home/runner/work/ArkLib/ArkLib/.lake/packages/BibtexQuery:/home/runner/work/ArkLib/ArkLib/.lake/packages/UnicodeBasic:/home/runner/work/ArkLib/ArkLib/.lake/packages/UnicodeBasic:/home/runner/work/ArkLib/ArkLib/.lake/packages/Cli:/home/runner/work/ArkLib/ArkLib/.lake/packages/VCVio:/home/runner/work/ArkLib/ArkLib/.lake/packages/VCVio:/home/runner/work/ArkLib/ArkLib/.lake/packages/VCVio:/home/runner/work/ArkLib/ArkLib/.lake/packages/VCVio:/home/runner/work/ArkLib/ArkLib/.lake/packages/doc-gen4:/home/runner/work/ArkLib/ArkLib:/home/runner/.elan/toolchains/leanprover--lean4---v4.22.0/src/lean/lake PATH LD_LIBRARY_PATH=/home/runner/.elan/toolchains/leanprover--lean4---v4.22.0/lib/lean:/home/runner/.elan/toolchains/leanprover--lean4---v4.22.0/lib:/home/runner/work/ArkLib/ArkLib/.lake/build/lib:/home/runner/work/ArkLib/ArkLib/.lake/packages/checkdecls/.lake/build/lib:/home/runner/work/ArkLib/ArkLib/.lake/packages/doc-gen4/.lake/build/lib:/home/runner/work/ArkLib/ArkLib/.lake/packages/VCVio/.lake/build/lib:/home/runner/work/ArkLib/ArkLib/.lake/packages/Cli/.lake/build/lib:/home/runner/work/ArkLib/ArkLib/.lake/packages/UnicodeBasic/.lake/build/lib:/home/runner/work/ArkLib/ArkLib/.lake/packages/BibtexQuery/.lake/build/lib:/home/runner/work/ArkLib/ArkLib/.lake/packages/MD4Lean/.lake/build/lib:/home/runner/work/ArkLib/ArkLib/.lake/packages/mathlib/.lake/build/lib:/home/runner/work/ArkLib/ArkLib/.lake/packages/plausible/.lake/build/lib:/home/runner/work/ArkLib/ArkLib/.lake/packages/LeanSearchClient/.lake/build/lib:/home/runner/work/ArkLib/ArkLib/.lake/packages/importGraph/.lake/build/lib:/home/runner/work/ArkLib/ArkLib/.lake/packages/proofwidgets/.lake/build/lib:/home/runner/work/ArkLib/ArkLib/.lake/packages/aesop/.lake/build/lib:/home/runner/work/ArkLib/ArkLib/.lake/packages/Qq/.lake/build/lib:/home/runner/work/ArkLib/ArkLib/.lake/packages/batteries/.lake/build/lib /home/runner/work/ArkLib/ArkLib/.lake/packages/doc-gen4/.lake/build/bin/doc-gen4 single --build /home/runner/work/ArkLib/ArkLib/.lake/build Mathlib.LinearAlgebra.AffineSpace.Independent https://github.com/leanprover-community/mathlib4/blob/79e94a093aff4a60fb1b1f92d9681e407124c2ca/Mathlib/LinearAlgebra/AffineSpace/Independent.lean",
   "level": "trace"}],
 "inputs":
 [["<collection>",
   [["/home/runner/work/ArkLib/ArkLib/.lake/build/doc/Mathlib/Data/Fin/VecNotation.html",
     "13557760753477749582"],
    ["/home/runner/work/ArkLib/ArkLib/.lake/build/doc/Mathlib/Data/Sign/Basic.html",
     "7771706864254093529"],
    ["/home/runner/work/ArkLib/ArkLib/.lake/build/doc/Mathlib/LinearAlgebra/AffineSpace/Combination.html",
     "13763970830241748073"],
    ["/home/runner/work/ArkLib/ArkLib/.lake/build/doc/Mathlib/LinearAlgebra/AffineSpace/AffineEquiv.html",
     "6110067119753132349"],
    ["/home/runner/work/ArkLib/ArkLib/.lake/build/doc/Mathlib/LinearAlgebra/Basis/VectorSpace.html",
     "603011694016014329"]]],
  ["/home/runner/work/ArkLib/ArkLib/.lake/build/doc-data/references.json",
   "11893762902049086281"],
  ["/home/runner/work/ArkLib/ArkLib/.lake/packages/doc-gen4/.lake/build/bin/doc-gen4",
   "5062148696150494445"],
  ["Mathlib.LinearAlgebra.AffineSpace.Independent:leanArts",
   "9983164813408380360"]],
 "depHash": "6598767875526717130"}