{"synthetic": false,
 "outputs": null,
 "log":
 [{"message": "Documentation indexing", "level": "info"},
  {"message":
   ".> /home/runner/work/ArkLib/ArkLib/.lake/packages/doc-gen4/.lake/build/bin/doc-gen4 index --build /home/runner/work/ArkLib/ArkLib/.lake/build",
   "level": "trace"}],
 "inputs":
 [["/home/runner/work/ArkLib/ArkLib/.lake/packages/doc-gen4/.lake/build/bin/doc-gen4",
   "5062148696150494445"],
  ["<nil>", "4147042607551581956"],
  ["<collection>",
   [["/home/runner/work/ArkLib/ArkLib/.lake/build/doc/ArkLib/Data/GroupTheory/PrimeOrder.html",
     "18347590973774645116"],
    ["/home/runner/work/ArkLib/ArkLib/.lake/build/doc/ArkLib/Data/Classes/Serde.html",
     "3354537709607148572"],
    ["/home/runner/work/ArkLib/ArkLib/.lake/build/doc/ArkLib/AGM/Basic.html",
     "10791749078369882360"],
    ["/home/runner/work/ArkLib/ArkLib/.lake/build/doc/ArkLib/Data/Classes/DCast.html",
     "17027607603884449780"],
    ["/home/runner/work/ArkLib/ArkLib/.lake/build/doc/ArkLib/Data/Fin/Basic.html",
     "17534255719563249014"],
    ["/home/runner/work/ArkLib/ArkLib/.lake/build/doc/ArkLib/Data/Fin/Fold.html",
     "5358980854553470594"],
    ["/home/runner/work/ArkLib/ArkLib/.lake/build/doc/ArkLib/Data/Classes/Slice.html",
     "16310938775312553175"],
    ["/home/runner/work/ArkLib/ArkLib/.lake/build/doc/ArkLib/Data/Fin/Tuple/Defs.html",
     "5772878624053779439"],
    ["/home/runner/work/ArkLib/ArkLib/.lake/build/doc/ArkLib/Data/Fin/Tuple/Notation.html",
     "2603659204635104623"],
    ["/home/runner/work/ArkLib/ArkLib/.lake/build/doc/ArkLib/Data/Fin/Tuple/Lemmas.html",
     "5864256654443512648"],
    ["/home/runner/work/ArkLib/ArkLib/.lake/build/doc/ArkLib/Data/Fin/Sigma.html",
     "12458816090510752468"],
    ["/home/runner/work/ArkLib/ArkLib/.lake/build/doc/ArkLib/OracleReduction/Prelude.html",
     "876584118582489436"],
    ["/home/runner/work/ArkLib/ArkLib/.lake/build/doc/ArkLib/ToVCVio/SimOracle.html",
     "9082521398851115717"],
    ["/home/runner/work/ArkLib/ArkLib/.lake/build/doc/ArkLib/ToMathlib/Finsupp/Fin.html",
     "5807231149831209651"],
    ["/home/runner/work/ArkLib/ArkLib/.lake/build/doc/ArkLib/ToMathlib/MvPolynomial/Equiv.html",
     "11452821832849570576"],
    ["/home/runner/work/ArkLib/ArkLib/.lake/build/doc/ArkLib/Data/MvPolynomial/Notation.html",
     "15932464035704076007"],
    ["/home/runner/work/ArkLib/ArkLib/.lake/build/doc/ArkLib/OracleReduction/OracleInterface.html",
     "15220446664517249444"],
    ["/home/runner/work/ArkLib/ArkLib/.lake/build/doc/ArkLib/ToVCVio/Oracle.html",
     "15008880158526920542"],
    ["/home/runner/work/ArkLib/ArkLib/.lake/build/doc/ArkLib/OracleReduction/ProtocolSpec/Basic.html",
     "8359945826243626368"],
    ["/home/runner/work/ArkLib/ArkLib/.lake/build/doc/ArkLib/OracleReduction/ProtocolSpec/Cast.html",
     "16652034486386148344"],
    ["/home/runner/work/ArkLib/ArkLib/.lake/build/doc/ArkLib/OracleReduction/ProtocolSpec/SeqCompose.html",
     "7663005030240719891"],
    ["/home/runner/work/ArkLib/ArkLib/.lake/build/doc/ArkLib/OracleReduction/Basic.html",
     "7962018160538543743"],
    ["/home/runner/work/ArkLib/ArkLib/.lake/build/doc/ArkLib/OracleReduction/Execution.html",
     "5231478051342488471"],
    ["/home/runner/work/ArkLib/ArkLib/.lake/build/doc/ArkLib/OracleReduction/Security/Basic.html",
     "7061212468625164780"],
    ["/home/runner/work/ArkLib/ArkLib/.lake/build/doc/ArkLib/CommitmentScheme/Basic.html",
     "8283106931792098513"],
    ["/home/runner/work/ArkLib/ArkLib/.lake/build/doc/ArkLib/Data/CodingTheory/Prelims.html",
     "13770690650549519805"],
    ["/home/runner/work/ArkLib/ArkLib/.lake/build/doc/ArkLib/Data/CodingTheory/Basic.html",
     "15260100214542588978"],
    ["/home/runner/work/ArkLib/ArkLib/.lake/build/doc/ArkLib/Data/MvPolynomial/LinearMvExtension.html",
     "14337632329484779334"],
    ["/home/runner/work/ArkLib/ArkLib/.lake/build/doc/ArkLib/Data/Fin/Lift.html",
     "2444294293070489514"],
    ["/home/runner/work/ArkLib/ArkLib/.lake/build/doc/ArkLib/Data/Polynomial/Interface.html",
     "12335086337808278849"],
    ["/home/runner/work/ArkLib/ArkLib/.lake/build/doc/ArkLib/Data/CodingTheory/ReedSolomon.html",
     "10570049485577668622"],
    ["/home/runner/work/ArkLib/ArkLib/.lake/build/doc/ArkLib/Data/Probability/Notation.html",
     "5915133260655852588"],
    ["/home/runner/work/ArkLib/ArkLib/.lake/build/doc/ArkLib/Data/CodingTheory/ProximityGap.html",
     "5188837039884013718"],
    ["/home/runner/work/ArkLib/ArkLib/.lake/build/doc/ArkLib/CommitmentScheme/Fold.html",
     "3572467501175771778"],
    ["/home/runner/work/ArkLib/ArkLib/.lake/build/doc/ArkLib/ToMathlib/Data/IndexedBinaryTree/Basic.html",
     "6134794151585832925"],
    ["/home/runner/work/ArkLib/ArkLib/.lake/build/doc/ArkLib/CommitmentScheme/InductiveMerkleTree.html",
     "16783368710721483546"],
    ["/home/runner/work/ArkLib/ArkLib/.lake/build/doc/ArkLib/CommitmentScheme/KZG.html",
     "16041558849430656190"],
    ["/home/runner/work/ArkLib/ArkLib/.lake/build/doc/ArkLib/CommitmentScheme/MerkleTree.html",
     "14734866898462458838"],
    ["/home/runner/work/ArkLib/ArkLib/.lake/build/doc/ArkLib/CommitmentScheme/SimpleRO.html",
     "5826394050340311575"],
    ["/home/runner/work/ArkLib/ArkLib/.lake/build/doc/ArkLib/CommitmentScheme/Tensor.html",
     "5189334747387103612"],
    ["/home/runner/work/ArkLib/ArkLib/.lake/build/doc/ArkLib/CommitmentScheme/Trivial.html",
     "9951935160299576074"],
    ["/home/runner/work/ArkLib/ArkLib/.lake/build/doc/ArkLib/Data/List/Lemmas.html",
     "11283450474628546310"],
    ["/home/runner/work/ArkLib/ArkLib/.lake/build/doc/ArkLib/Data/Array/Lemmas.html",
     "6165038585102482716"],
    ["/home/runner/work/ArkLib/ArkLib/.lake/build/doc/ArkLib/Data/Classes/HasSucc.html",
     "6668446798576847240"],
    ["/home/runner/work/ArkLib/ArkLib/.lake/build/doc/ArkLib/Data/Classes/ToNat.html",
     "293761544849257744"],
    ["/home/runner/work/ArkLib/ArkLib/.lake/build/doc/ArkLib/Data/CNat/AssocNat.html",
     "4810264360147901990"],
    ["/home/runner/work/ArkLib/ArkLib/.lake/build/doc/ArkLib/Data/CNat/Church.html",
     "4867092328001564468"],
    ["/home/runner/work/ArkLib/ArkLib/.lake/build/doc/ArkLib/Data/Classes/HasPred.html",
     "16107939065766726863"],
    ["/home/runner/work/ArkLib/ArkLib/.lake/build/doc/ArkLib/Data/CNat/Defs.html",
     "18208267184214977186"],
    ["/home/runner/work/ArkLib/ArkLib/.lake/build/doc/ArkLib/Data/Classes/FunEquiv.html",
     "4483702422223203857"],
    ["/home/runner/work/ArkLib/ArkLib/.lake/build/doc/ArkLib/Data/Classes/HasSize.html",
     "17900799825480146587"],
    ["/home/runner/work/ArkLib/ArkLib/.lake/build/doc/ArkLib/Data/Classes/Initialize.html",
     "6857083045273502130"],
    ["/home/runner/work/ArkLib/ArkLib/.lake/build/doc/ArkLib/Data/CodingTheory/DivergenceOfSets.html",
     "294204175214399440"],
    ["/home/runner/work/ArkLib/ArkLib/.lake/build/doc/ArkLib/Data/CodingTheory/InterleavedCode.html",
     "1562219766889661666"],
    ["/home/runner/work/ArkLib/ArkLib/.lake/build/doc/ArkLib/Data/CodingTheory/ListDecodability.html",
     "14827737581509261297"],
    ["/home/runner/work/ArkLib/ArkLib/.lake/build/doc/ArkLib/Data/Polynomial/Bivariate.html",
     "3001045204008284155"],
    ["/home/runner/work/ArkLib/ArkLib/.lake/build/doc/ArkLib/Data/CodingTheory/PolishchukSpielman.html",
     "11455955056908616755"],
    ["/home/runner/work/ArkLib/ArkLib/.lake/build/doc/ArkLib/Data/CodingTheory/ReedMuller.html",
     "4468935717187025782"],
    ["/home/runner/work/ArkLib/ArkLib/.lake/build/doc/ArkLib/Data/CodingTheory.html",
     "8336080757055535736"],
    ["/home/runner/work/ArkLib/ArkLib/.lake/build/doc/ArkLib/Data/CodingTheory/BerlekampWelch/ElocPoly.html",
     "16942184800097316652"],
    ["/home/runner/work/ArkLib/ArkLib/.lake/build/doc/ArkLib/Data/CodingTheory/BerlekampWelch/Sorries.html",
     "5319005745869068429"],
    ["/home/runner/work/ArkLib/ArkLib/.lake/build/doc/ArkLib/Data/CodingTheory/BerlekampWelch/Condition.html",
     "17512051738636930282"],
    ["/home/runner/work/ArkLib/ArkLib/.lake/build/doc/ArkLib/Data/CodingTheory/BerlekampWelch/Existence.html",
     "10316513936283553710"],
    ["/home/runner/work/ArkLib/ArkLib/.lake/build/doc/ArkLib/Data/CodingTheory/BerlekampWelch/BerlekampWelch.html",
     "7171031296560810662"],
    ["/home/runner/work/ArkLib/ArkLib/.lake/build/doc/ArkLib/Data/CodingTheory/BerlekampWelch/ToMathlib.html",
     "6479389105881907512"],
    ["/home/runner/work/ArkLib/ArkLib/.lake/build/doc/ArkLib/Data/CodingTheory/GuruswamiSudan/GuruswamiSudan.html",
     "8938162644950103060"],
    ["/home/runner/work/ArkLib/ArkLib/.lake/build/doc/ArkLib/Data/CodingTheory/GuruswamiSudan.html",
     "7784191984042034398"],
    ["/home/runner/work/ArkLib/ArkLib/.lake/build/doc/ArkLib/Data/CodingTheory/JohnsonBound/Choose2.html",
     "11748568284683687141"],
    ["/home/runner/work/ArkLib/ArkLib/.lake/build/doc/ArkLib/Data/CodingTheory/JohnsonBound/Expectations.html",
     "13434644715594732047"],
    ["/home/runner/work/ArkLib/ArkLib/.lake/build/doc/ArkLib/Data/CodingTheory/JohnsonBound/Lemmas.html",
     "3426351017346165493"],
    ["/home/runner/work/ArkLib/ArkLib/.lake/build/doc/ArkLib/Data/CodingTheory/JohnsonBound/Basic.html",
     "13422972629056631943"],
    ["/home/runner/work/ArkLib/ArkLib/.lake/build/doc/ArkLib/ToMathlib/NumberTheory/PrattCertificate.html",
     "3441282438241740339"],
    ["/home/runner/work/ArkLib/ArkLib/.lake/build/doc/ArkLib/Data/FieldTheory/NonBinaryField/BN254.html",
     "4781049135401223188"],
    ["/home/runner/work/ArkLib/ArkLib/.lake/build/doc/ArkLib/Data/EllipticCurve/BN254.html",
     "11436150948083546188"],
    ["/home/runner/work/ArkLib/ArkLib/.lake/build/doc/ArkLib/Data/Fin/BigOperators.html",
     "8131256835484832359"],
    ["/home/runner/work/ArkLib/ArkLib/.lake/build/doc/ArkLib/Data/Nat/Bitwise.html",
     "5150487547241667674"],
    ["/home/runner/work/ArkLib/ArkLib/.lake/build/doc/ArkLib/Data/Polynomial/Frobenius.html",
     "13687021023704013997"],
    ["/home/runner/work/ArkLib/ArkLib/.lake/build/doc/ArkLib/Data/Polynomial/MonomialBasis.html",
     "687881149634436249"],
    ["/home/runner/work/ArkLib/ArkLib/.lake/build/doc/ArkLib/Data/FieldTheory/AdditiveNTT/NovelPolynomialBasis.html",
     "11159475380770499198"],
    ["/home/runner/work/ArkLib/ArkLib/.lake/build/doc/ArkLib/Data/FieldTheory/AdditiveNTT/AdditiveNTT.html",
     "17126217658894429659"],
    ["/home/runner/work/ArkLib/ArkLib/.lake/build/doc/ArkLib/Data/FieldTheory/BinaryField/Tower/Prelude.html",
     "10877149148410539238"],
    ["/home/runner/work/ArkLib/ArkLib/.lake/build/doc/ArkLib/Data/RingTheory/TowerOfAlgebra.html",
     "18413164863283469857"],
    ["/home/runner/work/ArkLib/ArkLib/.lake/build/doc/ArkLib/Data/FieldTheory/BinaryField/Tower/Basic.html",
     "4554330954680943962"],
    ["/home/runner/work/ArkLib/ArkLib/.lake/build/doc/ArkLib/Data/FieldTheory/BinaryField/Tower/Impl.html",
     "4534046533759712458"],
    ["/home/runner/work/ArkLib/ArkLib/.lake/build/doc/ArkLib/Data/FieldTheory/BinaryField/Tower/TensorAlgebra.html",
     "5360488009129442432"],
    ["/home/runner/work/ArkLib/ArkLib/.lake/build/doc/ArkLib/Data/FieldTheory/NonBinaryField/BLS12_377.html",
     "11312737388149169898"],
    ["/home/runner/work/ArkLib/ArkLib/.lake/build/doc/ArkLib/Data/FieldTheory/NonBinaryField/BLS12_381.html",
     "5066371515382747925"],
    ["/home/runner/work/ArkLib/ArkLib/.lake/build/doc/ArkLib/Data/FieldTheory/NonBinaryField/BabyBear.html",
     "16402886996231059287"],
    ["/home/runner/work/ArkLib/ArkLib/.lake/build/doc/ArkLib/Data/FieldTheory/NonBinaryField/Basic.html",
     "5340402865976300129"],
    ["/home/runner/work/ArkLib/ArkLib/.lake/build/doc/ArkLib/Data/FieldTheory/NonBinaryField/Goldilocks.html",
     "8655795175891520599"],
    ["/home/runner/work/ArkLib/ArkLib/.lake/build/doc/ArkLib/Data/FieldTheory/NonBinaryField/KoalaBear.html",
     "7149018714756582425"],
    ["/home/runner/work/ArkLib/ArkLib/.lake/build/doc/ArkLib/Data/FieldTheory/NonBinaryField/Mersenne.html",
     "8024639897812263220"],
    ["/home/runner/work/ArkLib/ArkLib/.lake/build/doc/ArkLib/Data/FieldTheory/NonBinaryField/Secp256k1.html",
     "9581443582508633540"],
    ["/home/runner/work/ArkLib/ArkLib/.lake/build/doc/ArkLib/Data/Fin/Tuple/TakeDrop.html",
     "12612060277075394982"],
    ["/home/runner/work/ArkLib/ArkLib/.lake/build/doc/ArkLib/Data/GroupTheory/Smooth.html",
     "11472211663306140823"],
    ["/home/runner/work/ArkLib/ArkLib/.lake/build/doc/ArkLib/Data/Hash/DuplexSponge.html",
     "17296555258263716409"],
    ["/home/runner/work/ArkLib/ArkLib/.lake/build/doc/ArkLib/Data/Hash/DomainSep.html",
     "4955989495851907188"],
    ["/home/runner/work/ArkLib/ArkLib/.lake/build/doc/ArkLib/Data/Vector/Basic.html",
     "28521183989178965"],
    ["/home/runner/work/ArkLib/ArkLib/.lake/build/doc/ArkLib/Data/Hash/Poseidon2.html",
     "9682774839222427462"],
    ["/home/runner/work/ArkLib/ArkLib/.lake/build/doc/ArkLib/Data/List/BigOperators.html",
     "11302496776467746017"],
    ["/home/runner/work/ArkLib/ArkLib/.lake/build/doc/ArkLib/Data/List/Find.html",
     "9749571215210372365"],
    ["/home/runner/work/ArkLib/ArkLib/.lake/build/doc/ArkLib/Data/List/HList.html",
     "13236178367537060423"],
    ["/home/runner/work/ArkLib/ArkLib/.lake/build/doc/ArkLib/Data/List/Vector.html",
     "15389111553653801951"],
    ["/home/runner/work/ArkLib/ArkLib/.lake/build/doc/ArkLib/Data/MvPolynomial/Degrees.html",
     "1738024824546207871"],
    ["/home/runner/work/ArkLib/ArkLib/.lake/build/doc/ArkLib/Data/MvPolynomial/Interpolation.html",
     "442797205114521911"],
    ["/home/runner/work/ArkLib/ArkLib/.lake/build/doc/ArkLib/Data/MvPolynomial/Multilinear.html",
     "6192714519585904978"],
    ["/home/runner/work/ArkLib/ArkLib/.lake/build/doc/ArkLib/Data/Matrix/Basic.html",
     "12977254716976968146"],
    ["/home/runner/work/ArkLib/ArkLib/.lake/build/doc/ArkLib/Data/Matrix/Sparse.html",
     "14070941648231820972"],
    ["/home/runner/work/ArkLib/ArkLib/.lake/build/doc/ArkLib/Data/Misc/Basic.html",
     "14226538497211810493"],
    ["/home/runner/work/ArkLib/ArkLib/.lake/build/doc/ArkLib/Data/MlPoly/Basic.html",
     "11593753222350317813"],
    ["/home/runner/work/ArkLib/ArkLib/.lake/build/doc/ArkLib/Data/MlPoly/Equiv.html",
     "7157749539885969545"],
    ["/home/runner/work/ArkLib/ArkLib/.lake/build/doc/ArkLib/Data/MvPolynomial/MvPolynomialLike.html",
     "16821637294256188878"],
    ["/home/runner/work/ArkLib/ArkLib/.lake/build/doc/ArkLib/Data/MvPolynomial/Sumcheck.html",
     "10546767603211635200"],
    ["/home/runner/work/ArkLib/ArkLib/.lake/build/doc/ArkLib/ToMathlib/Finset/Basic.html",
     "14836327054850096534"],
    ["/home/runner/work/ArkLib/ArkLib/.lake/build/doc/ArkLib/Data/Polynomial/EvenAndOdd.html",
     "16366689745345293562"],
    ["/home/runner/work/ArkLib/ArkLib/.lake/build/doc/ArkLib/Data/Polynomial/PolynomialLike.html",
     "5929638229621716171"],
    ["/home/runner/work/ArkLib/ArkLib/.lake/build/doc/ArkLib/Data/Polynomial/SplitFold.html",
     "13374726752717349437"],
    ["/home/runner/work/ArkLib/ArkLib/.lake/build/doc/ArkLib/Data/Probability/Instances.html",
     "8707467346555979542"],
    ["/home/runner/work/ArkLib/ArkLib/.lake/build/doc/ArkLib/Data/UniPoly/Basic.html",
     "15436990920580975568"],
    ["/home/runner/work/ArkLib/ArkLib/.lake/build/doc/ArkLib/OracleReduction/Security/RoundByRound.html",
     "9025374631685383227"],
    ["/home/runner/work/ArkLib/ArkLib/.lake/build/doc/ArkLib/OracleReduction/Composition/Sequential/Append.html",
     "16607857465618653332"],
    ["/home/runner/work/ArkLib/ArkLib/.lake/build/doc/ArkLib/OracleReduction/Composition/Sequential/General.html",
     "7162321057420715860"],
    ["/home/runner/work/ArkLib/ArkLib/.lake/build/doc/ArkLib/OracleReduction/BCS/Basic.html",
     "9087457277573824328"],
    ["/home/runner/work/ArkLib/ArkLib/.lake/build/doc/ArkLib/OracleReduction/Cast.html",
     "1613043514664703098"],
    ["/home/runner/work/ArkLib/ArkLib/.lake/build/doc/ArkLib/OracleReduction/Composition/Parallel/Basic.html",
     "6085466435003327915"],
    ["/home/runner/work/ArkLib/ArkLib/.lake/build/doc/ArkLib/OracleReduction/LiftContext/Lens.html",
     "3423718639346519551"],
    ["/home/runner/work/ArkLib/ArkLib/.lake/build/doc/ArkLib/OracleReduction/LiftContext/Reduction.html",
     "11040448542348892089"],
    ["/home/runner/work/ArkLib/ArkLib/.lake/build/doc/ArkLib/OracleReduction/LiftContext/OracleReduction.html",
     "1233917396709916537"],
    ["/home/runner/work/ArkLib/ArkLib/.lake/build/doc/ArkLib/OracleReduction/Equiv.html",
     "10417051140161938431"],
    ["/home/runner/work/ArkLib/ArkLib/.lake/build/doc/ArkLib/OracleReduction/FiatShamir/Basic.html",
     "10480272684350871668"],
    ["/home/runner/work/ArkLib/ArkLib/.lake/build/doc/ArkLib/OracleReduction/FiatShamir/DuplexSponge/Defs.html",
     "605026207508550943"],
    ["/home/runner/work/ArkLib/ArkLib/.lake/build/doc/ArkLib/OracleReduction/FiatShamir/DuplexSponge/Security/Backtrack.html",
     "12511153803043690511"],
    ["/home/runner/work/ArkLib/ArkLib/.lake/build/doc/ArkLib/OracleReduction/FiatShamir/DuplexSponge/Security/Lookahead.html",
     "8638454046952908587"],
    ["/home/runner/work/ArkLib/ArkLib/.lake/build/doc/ArkLib/OracleReduction/FiatShamir/DuplexSponge/Security/ProverTransform.html",
     "3658121045633075417"],
    ["/home/runner/work/ArkLib/ArkLib/.lake/build/doc/ArkLib/OracleReduction/FiatShamir/DuplexSponge/Security/TraceTransform.html",
     "10444081112248189330"],
    ["/home/runner/work/ArkLib/ArkLib/.lake/build/doc/ArkLib/OracleReduction/FiatShamir/DuplexSponge/Security/BadEvents.html",
     "18260634521899510586"],
    ["/home/runner/work/ArkLib/ArkLib/.lake/build/doc/ArkLib/OracleReduction/FiatShamir/DuplexSponge/Security/AbortAnalysis.html",
     "3841510276911753108"],
    ["/home/runner/work/ArkLib/ArkLib/.lake/build/doc/ArkLib/OracleReduction/FiatShamir/DuplexSponge/Security/Completeness.html",
     "16323105941239465461"],
    ["/home/runner/work/ArkLib/ArkLib/.lake/build/doc/ArkLib/OracleReduction/FiatShamir/DuplexSponge/Security/KeyLemma.html",
     "9750197805387768175"],
    ["/home/runner/work/ArkLib/ArkLib/.lake/build/doc/ArkLib/OracleReduction/FiatShamir/DuplexSponge/Security/Soundness.html",
     "3529842480146122179"],
    ["/home/runner/work/ArkLib/ArkLib/.lake/build/doc/ArkLib/OracleReduction/FiatShamir/DuplexSponge/State.html",
     "8026714365943168239"],
    ["/home/runner/work/ArkLib/ArkLib/.lake/build/doc/ArkLib/OracleReduction/Salt.html",
     "2501817514054923119"],
    ["/home/runner/work/ArkLib/ArkLib/.lake/build/doc/ArkLib/OracleReduction/Security/StateRestoration.html",
     "2567557448966702686"],
    ["/home/runner/work/ArkLib/ArkLib/.lake/build/doc/ArkLib/OracleReduction/Security/Implications.html",
     "6572196930088905721"],
    ["/home/runner/work/ArkLib/ArkLib/.lake/build/doc/ArkLib/OracleReduction/Security/Rewinding.html",
     "2345415129916790320"],
    ["/home/runner/work/ArkLib/ArkLib/.lake/build/doc/ArkLib/OracleReduction/Security/SpecialSoundness.html",
     "7817113371373340700"],
    ["/home/runner/work/ArkLib/ArkLib/.lake/build/doc/ArkLib/OracleReduction/VectorIOR.html",
     "6705783392818345495"],
    ["/home/runner/work/ArkLib/ArkLib/.lake/build/doc/ArkLib/ProofSystem/Binius/Basic.html",
     "402412478691142899"],
    ["/home/runner/work/ArkLib/ArkLib/.lake/build/doc/ArkLib/ProofSystem/Component/CheckClaim.html",
     "7734801643886741821"],
    ["/home/runner/work/ArkLib/ArkLib/.lake/build/doc/ArkLib/ProofSystem/Component/DoNothing.html",
     "6822848709329634712"],
    ["/home/runner/work/ArkLib/ArkLib/.lake/build/doc/ArkLib/ProofSystem/Component/NoInteraction.html",
     "4629196856403692364"],
    ["/home/runner/work/ArkLib/ArkLib/.lake/build/doc/ArkLib/ProofSystem/Component/RandomQuery.html",
     "12707408695813675949"],
    ["/home/runner/work/ArkLib/ArkLib/.lake/build/doc/ArkLib/ProofSystem/Component/ReduceClaim.html",
     "13888831057170681105"],
    ["/home/runner/work/ArkLib/ArkLib/.lake/build/doc/ArkLib/ProofSystem/Component/SendClaim.html",
     "2466066303009381344"],
    ["/home/runner/work/ArkLib/ArkLib/.lake/build/doc/ArkLib/ProofSystem/Component/SendWitness.html",
     "11031701272640006135"],
    ["/home/runner/work/ArkLib/ArkLib/.lake/build/doc/ArkLib/ProofSystem/ConstraintSystem/Lookup.html",
     "11123725075668256077"],
    ["/home/runner/work/ArkLib/ArkLib/.lake/build/doc/ArkLib/ProofSystem/ConstraintSystem/MemoryChecking.html",
     "4484589183849388735"],
    ["/home/runner/work/ArkLib/ArkLib/.lake/build/doc/ArkLib/ProofSystem/ConstraintSystem/Plonk.html",
     "914157412973972942"],
    ["/home/runner/work/ArkLib/ArkLib/.lake/build/doc/ArkLib/ProofSystem/ConstraintSystem/R1CS.html",
     "14159047902310547427"],
    ["/home/runner/work/ArkLib/ArkLib/.lake/build/doc/ArkLib/ProofSystem/DSL.html",
     "12745098151049821953"],
    ["/home/runner/work/ArkLib/ArkLib/.lake/build/doc/ArkLib/ProofSystem/Fri/Domain.html",
     "14393033251870013331"],
    ["/home/runner/work/ArkLib/ArkLib/.lake/build/doc/ArkLib/ProofSystem/Fri/RoundConsistency.html",
     "5042822156771628479"],
    ["/home/runner/work/ArkLib/ArkLib/.lake/build/doc/ArkLib/ProofSystem/Fri/Spec/SingleRound.html",
     "13104916142218206740"],
    ["/home/runner/work/ArkLib/ArkLib/.lake/build/doc/ArkLib/ProofSystem/Fri/Spec/General.html",
     "8787690133505176265"],
    ["/home/runner/work/ArkLib/ArkLib/.lake/build/doc/ArkLib/ProofSystem/Plonk/Basic.html",
     "18234078321955081922"],
    ["/home/runner/work/ArkLib/ArkLib/.lake/build/doc/ArkLib/ToVCVio/Lemmas.html",
     "18047272703799256000"],
    ["/home/runner/work/ArkLib/ArkLib/.lake/build/doc/ArkLib/ProofSystem/Sumcheck/Spec/SingleRound.html",
     "13671437977334749837"],
    ["/home/runner/work/ArkLib/ArkLib/.lake/build/doc/ArkLib/ProofSystem/Sumcheck/Spec/General.html",
     "699149672526353791"],
    ["/home/runner/work/ArkLib/ArkLib/.lake/build/doc/ArkLib/ProofSystem/Spartan/Basic.html",
     "3238329196260827196"],
    ["/home/runner/work/ArkLib/ArkLib/.lake/build/doc/ArkLib/ProofSystem/Stir/ProximityBound.html",
     "7376728602618175194"],
    ["/home/runner/work/ArkLib/ArkLib/.lake/build/doc/ArkLib/ProofSystem/Stir/Combine.html",
     "6560316400159333883"],
    ["/home/runner/work/ArkLib/ArkLib/.lake/build/doc/ArkLib/ProofSystem/Stir/Folding.html",
     "5237453560380252227"],
    ["/home/runner/work/ArkLib/ArkLib/.lake/build/doc/ArkLib/ProofSystem/Stir/MainThm.html",
     "5767672540900823910"],
    ["/home/runner/work/ArkLib/ArkLib/.lake/build/doc/ArkLib/ProofSystem/Stir/OutOfDomSmpl.html",
     "18019088097276249223"],
    ["/home/runner/work/ArkLib/ArkLib/.lake/build/doc/ArkLib/ProofSystem/Stir/ProximityGap.html",
     "6988171814065334520"],
    ["/home/runner/work/ArkLib/ArkLib/.lake/build/doc/ArkLib/ProofSystem/Stir/Quotienting.html",
     "17437897164091327259"],
    ["/home/runner/work/ArkLib/ArkLib/.lake/build/doc/ArkLib/ProofSystem/Stir.html",
     "13170910409926567056"],
    ["/home/runner/work/ArkLib/ArkLib/.lake/build/doc/ArkLib/ProofSystem/Sumcheck/Impl/Basic.html",
     "8690522107155993533"],
    ["/home/runner/work/ArkLib/ArkLib/.lake/build/doc/ArkLib/ProofSystem/Whir/BlockRelDistance.html",
     "7136999381447335846"],
    ["/home/runner/work/ArkLib/ArkLib/.lake/build/doc/ArkLib/ProofSystem/Whir/ProximityGen.html",
     "484457578228509659"],
    ["/home/runner/work/ArkLib/ArkLib/.lake/build/doc/ArkLib/ProofSystem/Whir/MutualCorrAgreement.html",
     "13387135168997715628"],
    ["/home/runner/work/ArkLib/ArkLib/.lake/build/doc/ArkLib/ProofSystem/Whir/Folding.html",
     "14458198698401566521"],
    ["/home/runner/work/ArkLib/ArkLib/.lake/build/doc/ArkLib/ProofSystem/Whir/RBRSoundness.html",
     "12647626631183796508"],
    ["/home/runner/work/ArkLib/ArkLib/.lake/build/doc/ArkLib/ProofSystem/Whir/OutofDomainSmpl.html",
     "178348316834854823"],
    ["/home/runner/work/ArkLib/ArkLib/.lake/build/doc/ArkLib/ProofSystem/Whir.html",
     "2916357487546165189"],
    ["/home/runner/work/ArkLib/ArkLib/.lake/build/doc/ArkLib/ToMathlib/BigOperators/Fin.html",
     "18309662579112392457"],
    ["/home/runner/work/ArkLib/ArkLib/.lake/build/doc/ArkLib/ToMathlib/Data/IndexedBinaryTree/Equiv.html",
     "7816973602282355404"],
    ["/home/runner/work/ArkLib/ArkLib/.lake/build/doc/ArkLib/ToMathlib/Data/IndexedBinaryTree/Lemmas.html",
     "18145089442120485345"],
    ["/home/runner/work/ArkLib/ArkLib/.lake/build/doc/ArkLib/ToMathlib/UInt/Equiv.html",
     "10304120563626693192"],
    ["/home/runner/work/ArkLib/ArkLib/.lake/build/doc/ArkLib/ToVCVio/DistEq.html",
     "5123800208469519393"],
    ["/home/runner/work/ArkLib/ArkLib/.lake/build/doc/ArkLib.html",
     "7153096798226951815"]]]],
 "depHash": "5360669081272903049"}