{"synthetic": false,
 "outputs": null,
 "log":
 [{"message":
   ".> ELAN=elan ELAN_HOME=/home/runner/.elan ELAN_TOOLCHAIN=leanprover/lean4:v4.22.0 LAKE=/home/runner/.elan/toolchains/leanprover--lean4---v4.22.0/bin/lake LAKE_HOME=/home/runner/.elan/toolchains/leanprover--lean4---v4.22.0 LAKE_PKG_URL_MAP={} LAKE_NO_CACHE=false LAKE_ARTIFACT_CACHE=false LAKE_CACHE_DIR=/home/runner/.elan/toolchains/leanprover--lean4---v4.22.0/lake/cache LEAN=/home/runner/.elan/toolchains/leanprover--lean4---v4.22.0/bin/lean LEAN_GITHASH=ba2cbbf09d4978f416e0ebd1fceeebc2c4138c05 LEAN_SYSROOT=/home/runner/.elan/toolchains/leanprover--lean4---v4.22.0 LEAN_AR=/home/runner/.elan/toolchains/leanprover--lean4---v4.22.0/bin/llvm-ar LEAN_CC= LEAN_PATH=/home/runner/work/ArkLib/ArkLib/.lake/packages/batteries/.lake/build/lib/lean:/home/runner/work/ArkLib/ArkLib/.lake/packages/Qq/.lake/build/lib/lean:/home/runner/work/ArkLib/ArkLib/.lake/packages/aesop/.lake/build/lib/lean:/home/runner/work/ArkLib/ArkLib/.lake/packages/proofwidgets/.lake/build/lib/lean:/home/runner/work/ArkLib/ArkLib/.lake/packages/importGraph/.lake/build/lib/lean:/home/runner/work/ArkLib/ArkLib/.lake/packages/LeanSearchClient/.lake/build/lib/lean:/home/runner/work/ArkLib/ArkLib/.lake/packages/plausible/.lake/build/lib/lean:/home/runner/work/ArkLib/ArkLib/.lake/packages/mathlib/.lake/build/lib/lean:/home/runner/work/ArkLib/ArkLib/.lake/packages/MD4Lean/.lake/build/lib/lean:/home/runner/work/ArkLib/ArkLib/.lake/packages/BibtexQuery/.lake/build/lib/lean:/home/runner/work/ArkLib/ArkLib/.lake/packages/UnicodeBasic/.lake/build/lib/lean:/home/runner/work/ArkLib/ArkLib/.lake/packages/Cli/.lake/build/lib/lean:/home/runner/work/ArkLib/ArkLib/.lake/packages/VCVio/.lake/build/lib/lean:/home/runner/work/ArkLib/ArkLib/.lake/packages/doc-gen4/.lake/build/lib/lean:/home/runner/work/ArkLib/ArkLib/.lake/packages/checkdecls/.lake/build/lib/lean:/home/runner/work/ArkLib/ArkLib/.lake/build/lib/lean:/home/runner/.elan/toolchains/leanprover--lean4---v4.22.0/lib/lean LEAN_SRC_PATH=/home/runner/work/ArkLib/ArkLib/.lake/packages/batteries:/home/runner/work/ArkLib/ArkLib/.lake/packages/batteries:/home/runner/work/ArkLib/ArkLib/.lake/packages/Qq:/home/runner/work/ArkLib/ArkLib/.lake/packages/aesop:/home/runner/work/ArkLib/ArkLib/.lake/packages/aesop:/home/runner/work/ArkLib/ArkLib/.lake/packages/proofwidgets:/home/runner/work/ArkLib/ArkLib/.lake/packages/proofwidgets:/home/runner/work/ArkLib/ArkLib/.lake/packages/importGraph:/home/runner/work/ArkLib/ArkLib/.lake/packages/importGraph:/home/runner/work/ArkLib/ArkLib/.lake/packages/LeanSearchClient:/home/runner/work/ArkLib/ArkLib/.lake/packages/LeanSearchClient:/home/runner/work/ArkLib/ArkLib/.lake/packages/plausible:/home/runner/work/ArkLib/ArkLib/.lake/packages/plausible:/home/runner/work/ArkLib/ArkLib/.lake/packages/mathlib:/home/runner/work/ArkLib/ArkLib/.lake/packages/mathlib:/home/runner/work/ArkLib/ArkLib/.lake/packages/mathlib:/home/runner/work/ArkLib/ArkLib/.lake/packages/mathlib:/home/runner/work/ArkLib/ArkLib/.lake/packages/mathlib:/home/runner/work/ArkLib/ArkLib/.lake/packages/mathlib:/home/runner/work/ArkLib/ArkLib/.lake/packages/mathlib:/home/runner/work/ArkLib/ArkLib/.lake/packages/MD4Lean:/home/runner/work/ArkLib/ArkLib/.lake/packages/MD4Lean:/home/runner/work/ArkLib/ArkLib/.lake/packages/BibtexQuery:/home/runner/work/ArkLib/ArkLib/.lake/packages/UnicodeBasic:/home/runner/work/ArkLib/ArkLib/.lake/packages/UnicodeBasic:/home/runner/work/ArkLib/ArkLib/.lake/packages/Cli:/home/runner/work/ArkLib/ArkLib/.lake/packages/VCVio:/home/runner/work/ArkLib/ArkLib/.lake/packages/VCVio:/home/runner/work/ArkLib/ArkLib/.lake/packages/VCVio:/home/runner/work/ArkLib/ArkLib/.lake/packages/VCVio:/home/runner/work/ArkLib/ArkLib/.lake/packages/doc-gen4:/home/runner/work/ArkLib/ArkLib:/home/runner/.elan/toolchains/leanprover--lean4---v4.22.0/src/lean/lake PATH LD_LIBRARY_PATH=/home/runner/.elan/toolchains/leanprover--lean4---v4.22.0/lib/lean:/home/runner/.elan/toolchains/leanprover--lean4---v4.22.0/lib:/home/runner/work/ArkLib/ArkLib/.lake/build/lib:/home/runner/work/ArkLib/ArkLib/.lake/packages/checkdecls/.lake/build/lib:/home/runner/work/ArkLib/ArkLib/.lake/packages/doc-gen4/.lake/build/lib:/home/runner/work/ArkLib/ArkLib/.lake/packages/VCVio/.lake/build/lib:/home/runner/work/ArkLib/ArkLib/.lake/packages/Cli/.lake/build/lib:/home/runner/work/ArkLib/ArkLib/.lake/packages/UnicodeBasic/.lake/build/lib:/home/runner/work/ArkLib/ArkLib/.lake/packages/BibtexQuery/.lake/build/lib:/home/runner/work/ArkLib/ArkLib/.lake/packages/MD4Lean/.lake/build/lib:/home/runner/work/ArkLib/ArkLib/.lake/packages/mathlib/.lake/build/lib:/home/runner/work/ArkLib/ArkLib/.lake/packages/plausible/.lake/build/lib:/home/runner/work/ArkLib/ArkLib/.lake/packages/LeanSearchClient/.lake/build/lib:/home/runner/work/ArkLib/ArkLib/.lake/packages/importGraph/.lake/build/lib:/home/runner/work/ArkLib/ArkLib/.lake/packages/proofwidgets/.lake/build/lib:/home/runner/work/ArkLib/ArkLib/.lake/packages/aesop/.lake/build/lib:/home/runner/work/ArkLib/ArkLib/.lake/packages/Qq/.lake/build/lib:/home/runner/work/ArkLib/ArkLib/.lake/packages/batteries/.lake/build/lib /home/runner/work/ArkLib/ArkLib/.lake/packages/doc-gen4/.lake/build/bin/doc-gen4 single --build /home/runner/work/ArkLib/ArkLib/.lake/build Aesop.Search.Main https://github.com/leanprover-community/aesop/blob/1256a18522728c2eeed6109b02dd2b8f207a2a3c/Aesop/Search/Main.lean",
   "level": "trace"}],
 "inputs":
 [["<collection>",
   [["/home/runner/work/ArkLib/ArkLib/.lake/build/doc/Aesop/Check.html",
     "18427083150352489902"],
    ["/home/runner/work/ArkLib/ArkLib/.lake/build/doc/Aesop/Options.html",
     "12557854405244875488"],
    ["/home/runner/work/ArkLib/ArkLib/.lake/build/doc/Aesop/RuleSet.html",
     "10359509421792348944"],
    ["/home/runner/work/ArkLib/ArkLib/.lake/build/doc/Aesop/Script/Check.html",
     "591027453163051942"],
    ["/home/runner/work/ArkLib/ArkLib/.lake/build/doc/Aesop/Script/Main.html",
     "11701731886623067946"],
    ["/home/runner/work/ArkLib/ArkLib/.lake/build/doc/Aesop/Search/Expansion.html",
     "16206888064134909641"],
    ["/home/runner/work/ArkLib/ArkLib/.lake/build/doc/Aesop/Search/ExpandSafePrefix.html",
     "2725722793368417862"],
    ["/home/runner/work/ArkLib/ArkLib/.lake/build/doc/Aesop/Search/Queue.html",
     "4268004498760549318"],
    ["/home/runner/work/ArkLib/ArkLib/.lake/build/doc/Aesop/Tree.html",
     "730018178084307593"],
    ["/home/runner/work/ArkLib/ArkLib/.lake/build/doc/Aesop/Frontend/Extension.html",
     "15435472372002163410"]]],
  ["/home/runner/work/ArkLib/ArkLib/.lake/build/doc-data/references.json",
   "11893762902049086281"],
  ["/home/runner/work/ArkLib/ArkLib/.lake/packages/doc-gen4/.lake/build/bin/doc-gen4",
   "5062148696150494445"],
  ["Aesop.Search.Main:leanArts", "1419858169205137748"]],
 "depHash": "11005024636036607723"}