{"synthetic": false,
 "outputs": null,
 "log":
 [{"message":
   ".> ELAN=elan ELAN_HOME=/home/runner/.elan ELAN_TOOLCHAIN=leanprover/lean4:v4.22.0 LAKE=/home/runner/.elan/toolchains/leanprover--lean4---v4.22.0/bin/lake LAKE_HOME=/home/runner/.elan/toolchains/leanprover--lean4---v4.22.0 LAKE_PKG_URL_MAP={} LAKE_NO_CACHE=false LAKE_ARTIFACT_CACHE=false LAKE_CACHE_DIR=/home/runner/.elan/toolchains/leanprover--lean4---v4.22.0/lake/cache LEAN=/home/runner/.elan/toolchains/leanprover--lean4---v4.22.0/bin/lean LEAN_GITHASH=ba2cbbf09d4978f416e0ebd1fceeebc2c4138c05 LEAN_SYSROOT=/home/runner/.elan/toolchains/leanprover--lean4---v4.22.0 LEAN_AR=/home/runner/.elan/toolchains/leanprover--lean4---v4.22.0/bin/llvm-ar LEAN_CC= LEAN_PATH=/home/runner/work/ArkLib/ArkLib/.lake/packages/batteries/.lake/build/lib/lean:/home/runner/work/ArkLib/ArkLib/.lake/packages/Qq/.lake/build/lib/lean:/home/runner/work/ArkLib/ArkLib/.lake/packages/aesop/.lake/build/lib/lean:/home/runner/work/ArkLib/ArkLib/.lake/packages/proofwidgets/.lake/build/lib/lean:/home/runner/work/ArkLib/ArkLib/.lake/packages/importGraph/.lake/build/lib/lean:/home/runner/work/ArkLib/ArkLib/.lake/packages/LeanSearchClient/.lake/build/lib/lean:/home/runner/work/ArkLib/ArkLib/.lake/packages/plausible/.lake/build/lib/lean:/home/runner/work/ArkLib/ArkLib/.lake/packages/mathlib/.lake/build/lib/lean:/home/runner/work/ArkLib/ArkLib/.lake/packages/MD4Lean/.lake/build/lib/lean:/home/runner/work/ArkLib/ArkLib/.lake/packages/BibtexQuery/.lake/build/lib/lean:/home/runner/work/ArkLib/ArkLib/.lake/packages/UnicodeBasic/.lake/build/lib/lean:/home/runner/work/ArkLib/ArkLib/.lake/packages/Cli/.lake/build/lib/lean:/home/runner/work/ArkLib/ArkLib/.lake/packages/VCVio/.lake/build/lib/lean:/home/runner/work/ArkLib/ArkLib/.lake/packages/doc-gen4/.lake/build/lib/lean:/home/runner/work/ArkLib/ArkLib/.lake/packages/checkdecls/.lake/build/lib/lean:/home/runner/work/ArkLib/ArkLib/.lake/build/lib/lean:/home/runner/.elan/toolchains/leanprover--lean4---v4.22.0/lib/lean LEAN_SRC_PATH=/home/runner/work/ArkLib/ArkLib/.lake/packages/batteries:/home/runner/work/ArkLib/ArkLib/.lake/packages/batteries:/home/runner/work/ArkLib/ArkLib/.lake/packages/Qq:/home/runner/work/ArkLib/ArkLib/.lake/packages/aesop:/home/runner/work/ArkLib/ArkLib/.lake/packages/aesop:/home/runner/work/ArkLib/ArkLib/.lake/packages/proofwidgets:/home/runner/work/ArkLib/ArkLib/.lake/packages/proofwidgets:/home/runner/work/ArkLib/ArkLib/.lake/packages/importGraph:/home/runner/work/ArkLib/ArkLib/.lake/packages/importGraph:/home/runner/work/ArkLib/ArkLib/.lake/packages/LeanSearchClient:/home/runner/work/ArkLib/ArkLib/.lake/packages/LeanSearchClient:/home/runner/work/ArkLib/ArkLib/.lake/packages/plausible:/home/runner/work/ArkLib/ArkLib/.lake/packages/plausible:/home/runner/work/ArkLib/ArkLib/.lake/packages/mathlib:/home/runner/work/ArkLib/ArkLib/.lake/packages/mathlib:/home/runner/work/ArkLib/ArkLib/.lake/packages/mathlib:/home/runner/work/ArkLib/ArkLib/.lake/packages/mathlib:/home/runner/work/ArkLib/ArkLib/.lake/packages/mathlib:/home/runner/work/ArkLib/ArkLib/.lake/packages/mathlib:/home/runner/work/ArkLib/ArkLib/.lake/packages/mathlib:/home/runner/work/ArkLib/ArkLib/.lake/packages/MD4Lean:/home/runner/work/ArkLib/ArkLib/.lake/packages/MD4Lean:/home/runner/work/ArkLib/ArkLib/.lake/packages/BibtexQuery:/home/runner/work/ArkLib/ArkLib/.lake/packages/UnicodeBasic:/home/runner/work/ArkLib/ArkLib/.lake/packages/UnicodeBasic:/home/runner/work/ArkLib/ArkLib/.lake/packages/Cli:/home/runner/work/ArkLib/ArkLib/.lake/packages/VCVio:/home/runner/work/ArkLib/ArkLib/.lake/packages/VCVio:/home/runner/work/ArkLib/ArkLib/.lake/packages/VCVio:/home/runner/work/ArkLib/ArkLib/.lake/packages/VCVio:/home/runner/work/ArkLib/ArkLib/.lake/packages/doc-gen4:/home/runner/work/ArkLib/ArkLib:/home/runner/.elan/toolchains/leanprover--lean4---v4.22.0/src/lean/lake PATH LD_LIBRARY_PATH=/home/runner/.elan/toolchains/leanprover--lean4---v4.22.0/lib/lean:/home/runner/.elan/toolchains/leanprover--lean4---v4.22.0/lib:/home/runner/work/ArkLib/ArkLib/.lake/build/lib:/home/runner/work/ArkLib/ArkLib/.lake/packages/checkdecls/.lake/build/lib:/home/runner/work/ArkLib/ArkLib/.lake/packages/doc-gen4/.lake/build/lib:/home/runner/work/ArkLib/ArkLib/.lake/packages/VCVio/.lake/build/lib:/home/runner/work/ArkLib/ArkLib/.lake/packages/Cli/.lake/build/lib:/home/runner/work/ArkLib/ArkLib/.lake/packages/UnicodeBasic/.lake/build/lib:/home/runner/work/ArkLib/ArkLib/.lake/packages/BibtexQuery/.lake/build/lib:/home/runner/work/ArkLib/ArkLib/.lake/packages/MD4Lean/.lake/build/lib:/home/runner/work/ArkLib/ArkLib/.lake/packages/mathlib/.lake/build/lib:/home/runner/work/ArkLib/ArkLib/.lake/packages/plausible/.lake/build/lib:/home/runner/work/ArkLib/ArkLib/.lake/packages/LeanSearchClient/.lake/build/lib:/home/runner/work/ArkLib/ArkLib/.lake/packages/importGraph/.lake/build/lib:/home/runner/work/ArkLib/ArkLib/.lake/packages/proofwidgets/.lake/build/lib:/home/runner/work/ArkLib/ArkLib/.lake/packages/aesop/.lake/build/lib:/home/runner/work/ArkLib/ArkLib/.lake/packages/Qq/.lake/build/lib:/home/runner/work/ArkLib/ArkLib/.lake/packages/batteries/.lake/build/lib /home/runner/work/ArkLib/ArkLib/.lake/packages/doc-gen4/.lake/build/bin/doc-gen4 single --build /home/runner/work/ArkLib/ArkLib/.lake/build Batteries https://github.com/leanprover-community/batteries/blob/240676e9568c254a69be94801889d4b13f3b249f/Batteries.lean",
   "level": "trace"}],
 "inputs":
 [["<collection>",
   [["/home/runner/work/ArkLib/ArkLib/.lake/build/doc/Batteries/Classes/Cast.html",
     "12014984819087422572"],
    ["/home/runner/work/ArkLib/ArkLib/.lake/build/doc/Batteries/Classes/Deprecated.html",
     "3599172828716289439"],
    ["/home/runner/work/ArkLib/ArkLib/.lake/build/doc/Batteries/Classes/Order.html",
     "6322810320833505247"],
    ["/home/runner/work/ArkLib/ArkLib/.lake/build/doc/Batteries/Classes/RatCast.html",
     "6969039981615526609"],
    ["/home/runner/work/ArkLib/ArkLib/.lake/build/doc/Batteries/Classes/SatisfiesM.html",
     "11535865627032313749"],
    ["/home/runner/work/ArkLib/ArkLib/.lake/build/doc/Batteries/CodeAction.html",
     "2386434627883280174"],
    ["/home/runner/work/ArkLib/ArkLib/.lake/build/doc/Batteries/CodeAction/Attr.html",
     "4619858831146886323"],
    ["/home/runner/work/ArkLib/ArkLib/.lake/build/doc/Batteries/CodeAction/Basic.html",
     "12866107024358872991"],
    ["/home/runner/work/ArkLib/ArkLib/.lake/build/doc/Batteries/CodeAction/Deprecated.html",
     "5585534529396522876"],
    ["/home/runner/work/ArkLib/ArkLib/.lake/build/doc/Batteries/CodeAction/Match.html",
     "6176302818039286457"],
    ["/home/runner/work/ArkLib/ArkLib/.lake/build/doc/Batteries/CodeAction/Misc.html",
     "7419215575883152927"],
    ["/home/runner/work/ArkLib/ArkLib/.lake/build/doc/Batteries/Control/AlternativeMonad.html",
     "13551718725677228220"],
    ["/home/runner/work/ArkLib/ArkLib/.lake/build/doc/Batteries/Control/ForInStep.html",
     "8980683952600700721"],
    ["/home/runner/work/ArkLib/ArkLib/.lake/build/doc/Batteries/Control/ForInStep/Basic.html",
     "11693485056593101622"],
    ["/home/runner/work/ArkLib/ArkLib/.lake/build/doc/Batteries/Control/ForInStep/Lemmas.html",
     "17523372252874523353"],
    ["/home/runner/work/ArkLib/ArkLib/.lake/build/doc/Batteries/Control/LawfulMonadState.html",
     "8438842054215673869"],
    ["/home/runner/work/ArkLib/ArkLib/.lake/build/doc/Batteries/Control/Lemmas.html",
     "15940510564451640061"],
    ["/home/runner/work/ArkLib/ArkLib/.lake/build/doc/Batteries/Control/Monad.html",
     "16191749195755642877"],
    ["/home/runner/work/ArkLib/ArkLib/.lake/build/doc/Batteries/Control/Nondet/Basic.html",
     "10035824362638462124"],
    ["/home/runner/work/ArkLib/ArkLib/.lake/build/doc/Batteries/Control/OptionT.html",
     "2981808786517746753"],
    ["/home/runner/work/ArkLib/ArkLib/.lake/build/doc/Batteries/Data/Array.html",
     "18110674610609782745"],
    ["/home/runner/work/ArkLib/ArkLib/.lake/build/doc/Batteries/Data/AssocList.html",
     "6609188950909063109"],
    ["/home/runner/work/ArkLib/ArkLib/.lake/build/doc/Batteries/Data/BinaryHeap.html",
     "3667551030002629969"],
    ["/home/runner/work/ArkLib/ArkLib/.lake/build/doc/Batteries/Data/BinomialHeap.html",
     "2418953261989411502"],
    ["/home/runner/work/ArkLib/ArkLib/.lake/build/doc/Batteries/Data/BitVec.html",
     "17432505623777245509"],
    ["/home/runner/work/ArkLib/ArkLib/.lake/build/doc/Batteries/Data/ByteArray.html",
     "5001088498459182330"],
    ["/home/runner/work/ArkLib/ArkLib/.lake/build/doc/Batteries/Data/ByteSubarray.html",
     "8654006312930580848"],
    ["/home/runner/work/ArkLib/ArkLib/.lake/build/doc/Batteries/Data/Char.html",
     "3838647820401200355"],
    ["/home/runner/work/ArkLib/ArkLib/.lake/build/doc/Batteries/Data/DList.html",
     "9811281837757623884"],
    ["/home/runner/work/ArkLib/ArkLib/.lake/build/doc/Batteries/Data/Fin.html",
     "3006627989464006853"],
    ["/home/runner/work/ArkLib/ArkLib/.lake/build/doc/Batteries/Data/FloatArray.html",
     "7475746842071345761"],
    ["/home/runner/work/ArkLib/ArkLib/.lake/build/doc/Batteries/Data/HashMap.html",
     "5440138312748751525"],
    ["/home/runner/work/ArkLib/ArkLib/.lake/build/doc/Batteries/Data/Int.html",
     "6242696311319093068"],
    ["/home/runner/work/ArkLib/ArkLib/.lake/build/doc/Batteries/Data/List.html",
     "2152600094617219860"],
    ["/home/runner/work/ArkLib/ArkLib/.lake/build/doc/Batteries/Data/MLList.html",
     "916612180778750779"],
    ["/home/runner/work/ArkLib/ArkLib/.lake/build/doc/Batteries/Data/NameSet.html",
     "11783616787512431011"],
    ["/home/runner/work/ArkLib/ArkLib/.lake/build/doc/Batteries/Data/Nat.html",
     "7517873568156029315"],
    ["/home/runner/work/ArkLib/ArkLib/.lake/build/doc/Batteries/Data/PairingHeap.html",
     "2834963041735983168"],
    ["/home/runner/work/ArkLib/ArkLib/.lake/build/doc/Batteries/Data/RBMap.html",
     "4142519578085563482"],
    ["/home/runner/work/ArkLib/ArkLib/.lake/build/doc/Batteries/Data/Random.html",
     "16736750194679124908"],
    ["/home/runner/work/ArkLib/ArkLib/.lake/build/doc/Batteries/Data/Range.html",
     "16569749261747330814"],
    ["/home/runner/work/ArkLib/ArkLib/.lake/build/doc/Batteries/Data/Rat.html",
     "1507504555678491180"],
    ["/home/runner/work/ArkLib/ArkLib/.lake/build/doc/Batteries/Data/Stream.html",
     "5675919417126096826"],
    ["/home/runner/work/ArkLib/ArkLib/.lake/build/doc/Batteries/Data/String.html",
     "10572126292080382947"],
    ["/home/runner/work/ArkLib/ArkLib/.lake/build/doc/Batteries/Data/UInt.html",
     "17922433761944995552"],
    ["/home/runner/work/ArkLib/ArkLib/.lake/build/doc/Batteries/Data/UnionFind.html",
     "14698693652137551510"],
    ["/home/runner/work/ArkLib/ArkLib/.lake/build/doc/Batteries/Data/Vector.html",
     "2782377561774438755"],
    ["/home/runner/work/ArkLib/ArkLib/.lake/build/doc/Batteries/Lean/AttributeExtra.html",
     "3434129043218883768"],
    ["/home/runner/work/ArkLib/ArkLib/.lake/build/doc/Batteries/Lean/EStateM.html",
     "18072924166338268736"],
    ["/home/runner/work/ArkLib/ArkLib/.lake/build/doc/Batteries/Lean/Except.html",
     "10041460343754081271"],
    ["/home/runner/work/ArkLib/ArkLib/.lake/build/doc/Batteries/Lean/Expr.html",
     "2149695938880024332"],
    ["/home/runner/work/ArkLib/ArkLib/.lake/build/doc/Batteries/Lean/Float.html",
     "6952800689558921533"],
    ["/home/runner/work/ArkLib/ArkLib/.lake/build/doc/Batteries/Lean/HashMap.html",
     "4531930518417036681"],
    ["/home/runner/work/ArkLib/ArkLib/.lake/build/doc/Batteries/Lean/HashSet.html",
     "7948479882758561046"],
    ["/home/runner/work/ArkLib/ArkLib/.lake/build/doc/Batteries/Lean/IO/Process.html",
     "12063335657511862813"],
    ["/home/runner/work/ArkLib/ArkLib/.lake/build/doc/Batteries/Lean/Json.html",
     "16862225183661951399"],
    ["/home/runner/work/ArkLib/ArkLib/.lake/build/doc/Batteries/Lean/LawfulMonad.html",
     "117409192329798646"],
    ["/home/runner/work/ArkLib/ArkLib/.lake/build/doc/Batteries/Lean/LawfulMonadLift.html",
     "11476842047397987138"],
    ["/home/runner/work/ArkLib/ArkLib/.lake/build/doc/Batteries/Lean/Meta/Basic.html",
     "6683390233060982267"],
    ["/home/runner/work/ArkLib/ArkLib/.lake/build/doc/Batteries/Lean/Meta/DiscrTree.html",
     "12942231872390968211"],
    ["/home/runner/work/ArkLib/ArkLib/.lake/build/doc/Batteries/Lean/Meta/Expr.html",
     "8912924603801457409"],
    ["/home/runner/work/ArkLib/ArkLib/.lake/build/doc/Batteries/Lean/Meta/Inaccessible.html",
     "4008568315897388467"],
    ["/home/runner/work/ArkLib/ArkLib/.lake/build/doc/Batteries/Lean/Meta/InstantiateMVars.html",
     "18197061979615035234"],
    ["/home/runner/work/ArkLib/ArkLib/.lake/build/doc/Batteries/Lean/Meta/SavedState.html",
     "15805717995135287600"],
    ["/home/runner/work/ArkLib/ArkLib/.lake/build/doc/Batteries/Lean/Meta/Simp.html",
     "12886007080268602051"],
    ["/home/runner/work/ArkLib/ArkLib/.lake/build/doc/Batteries/Lean/Meta/UnusedNames.html",
     "2588071499903100707"],
    ["/home/runner/work/ArkLib/ArkLib/.lake/build/doc/Batteries/Lean/MonadBacktrack.html",
     "8577981829890570677"],
    ["/home/runner/work/ArkLib/ArkLib/.lake/build/doc/Batteries/Lean/NameMapAttribute.html",
     "7746183702853523330"],
    ["/home/runner/work/ArkLib/ArkLib/.lake/build/doc/Batteries/Lean/PersistentHashMap.html",
     "14146642953478081489"],
    ["/home/runner/work/ArkLib/ArkLib/.lake/build/doc/Batteries/Lean/PersistentHashSet.html",
     "2609133533653912416"],
    ["/home/runner/work/ArkLib/ArkLib/.lake/build/doc/Batteries/Lean/Position.html",
     "15277785193918781581"],
    ["/home/runner/work/ArkLib/ArkLib/.lake/build/doc/Batteries/Lean/SatisfiesM.html",
     "18251499019090335052"],
    ["/home/runner/work/ArkLib/ArkLib/.lake/build/doc/Batteries/Lean/Syntax.html",
     "10664426796527986804"],
    ["/home/runner/work/ArkLib/ArkLib/.lake/build/doc/Batteries/Lean/System/IO.html",
     "9133322907701899332"],
    ["/home/runner/work/ArkLib/ArkLib/.lake/build/doc/Batteries/Lean/TagAttribute.html",
     "9950893863039395211"],
    ["/home/runner/work/ArkLib/ArkLib/.lake/build/doc/Batteries/Lean/Util/EnvSearch.html",
     "18173292572386978686"],
    ["/home/runner/work/ArkLib/ArkLib/.lake/build/doc/Batteries/Linter.html",
     "15653521221338334779"],
    ["/home/runner/work/ArkLib/ArkLib/.lake/build/doc/Batteries/Linter/UnnecessarySeqFocus.html",
     "1840554905195597972"],
    ["/home/runner/work/ArkLib/ArkLib/.lake/build/doc/Batteries/Linter/UnreachableTactic.html",
     "2312246798697888342"],
    ["/home/runner/work/ArkLib/ArkLib/.lake/build/doc/Batteries/Logic.html",
     "15162476004541935723"],
    ["/home/runner/work/ArkLib/ArkLib/.lake/build/doc/Batteries/Tactic/Alias.html",
     "13940145406202344922"],
    ["/home/runner/work/ArkLib/ArkLib/.lake/build/doc/Batteries/Tactic/Basic.html",
     "10001761762174981318"],
    ["/home/runner/work/ArkLib/ArkLib/.lake/build/doc/Batteries/Tactic/Case.html",
     "2104517267791573606"],
    ["/home/runner/work/ArkLib/ArkLib/.lake/build/doc/Batteries/Tactic/Congr.html",
     "4165281693501052108"],
    ["/home/runner/work/ArkLib/ArkLib/.lake/build/doc/Batteries/Tactic/Exact.html",
     "13894512620643507888"],
    ["/home/runner/work/ArkLib/ArkLib/.lake/build/doc/Batteries/Tactic/HelpCmd.html",
     "3423867300001421268"],
    ["/home/runner/work/ArkLib/ArkLib/.lake/build/doc/Batteries/Tactic/Init.html",
     "4734914285720162875"],
    ["/home/runner/work/ArkLib/ArkLib/.lake/build/doc/Batteries/Tactic/Instances.html",
     "9304824794895703886"],
    ["/home/runner/work/ArkLib/ArkLib/.lake/build/doc/Batteries/Tactic/Lemma.html",
     "6950577940595235756"],
    ["/home/runner/work/ArkLib/ArkLib/.lake/build/doc/Batteries/Tactic/Lint.html",
     "2597564998880641193"],
    ["/home/runner/work/ArkLib/ArkLib/.lake/build/doc/Batteries/Tactic/Lint/Basic.html",
     "2788159836244291415"],
    ["/home/runner/work/ArkLib/ArkLib/.lake/build/doc/Batteries/Tactic/Lint/Frontend.html",
     "3522889253839871700"],
    ["/home/runner/work/ArkLib/ArkLib/.lake/build/doc/Batteries/Tactic/Lint/Misc.html",
     "17836392890583029116"],
    ["/home/runner/work/ArkLib/ArkLib/.lake/build/doc/Batteries/Tactic/Lint/Simp.html",
     "1367441529396972491"],
    ["/home/runner/work/ArkLib/ArkLib/.lake/build/doc/Batteries/Tactic/Lint/TypeClass.html",
     "11163419486299347214"],
    ["/home/runner/work/ArkLib/ArkLib/.lake/build/doc/Batteries/Tactic/NoMatch.html",
     "5959945743084753446"],
    ["/home/runner/work/ArkLib/ArkLib/.lake/build/doc/Batteries/Tactic/OpenPrivate.html",
     "4742470365078351265"],
    ["/home/runner/work/ArkLib/ArkLib/.lake/build/doc/Batteries/Tactic/PermuteGoals.html",
     "2944565223933457574"],
    ["/home/runner/work/ArkLib/ArkLib/.lake/build/doc/Batteries/Tactic/PrintDependents.html",
     "13548721759476663251"],
    ["/home/runner/work/ArkLib/ArkLib/.lake/build/doc/Batteries/Tactic/PrintOpaques.html",
     "18262210700988037771"],
    ["/home/runner/work/ArkLib/ArkLib/.lake/build/doc/Batteries/Tactic/PrintPrefix.html",
     "15189840502396645142"],
    ["/home/runner/work/ArkLib/ArkLib/.lake/build/doc/Batteries/Tactic/SeqFocus.html",
     "490602834215892959"],
    ["/home/runner/work/ArkLib/ArkLib/.lake/build/doc/Batteries/Tactic/ShowUnused.html",
     "11711709777503297957"],
    ["/home/runner/work/ArkLib/ArkLib/.lake/build/doc/Batteries/Tactic/SqueezeScope.html",
     "1903359215507666978"],
    ["/home/runner/work/ArkLib/ArkLib/.lake/build/doc/Batteries/Tactic/Trans.html",
     "3186013335219537858"],
    ["/home/runner/work/ArkLib/ArkLib/.lake/build/doc/Batteries/Tactic/Unreachable.html",
     "17656799686967830415"],
    ["/home/runner/work/ArkLib/ArkLib/.lake/build/doc/Batteries/Util/Cache.html",
     "8125849460494831604"],
    ["/home/runner/work/ArkLib/ArkLib/.lake/build/doc/Batteries/Util/ExtendedBinder.html",
     "3217422872740242127"],
    ["/home/runner/work/ArkLib/ArkLib/.lake/build/doc/Batteries/Util/LibraryNote.html",
     "18429152012389906670"],
    ["/home/runner/work/ArkLib/ArkLib/.lake/build/doc/Batteries/Util/Panic.html",
     "4294647090558610851"],
    ["/home/runner/work/ArkLib/ArkLib/.lake/build/doc/Batteries/Util/Pickle.html",
     "8916651273406638747"],
    ["/home/runner/work/ArkLib/ArkLib/.lake/build/doc/Batteries/Util/ProofWanted.html",
     "12133448382467554534"],
    ["/home/runner/work/ArkLib/ArkLib/.lake/build/doc/Batteries/WF.html",
     "2722504457726446800"]]],
  ["/home/runner/work/ArkLib/ArkLib/.lake/build/doc-data/references.json",
   "11893762902049086281"],
  ["/home/runner/work/ArkLib/ArkLib/.lake/packages/doc-gen4/.lake/build/bin/doc-gen4",
   "5062148696150494445"],
  ["Batteries:leanArts", "7231576457525839141"]],
 "depHash": "16739522079891798786"}