{"synthetic": false,
 "outputs": null,
 "log":
 [{"message":
   ".> ELAN=elan ELAN_HOME=/home/runner/.elan ELAN_TOOLCHAIN=leanprover/lean4:v4.22.0 LAKE=/home/runner/.elan/toolchains/leanprover--lean4---v4.22.0/bin/lake LAKE_HOME=/home/runner/.elan/toolchains/leanprover--lean4---v4.22.0 LAKE_PKG_URL_MAP={} LAKE_NO_CACHE=false LAKE_ARTIFACT_CACHE=false LAKE_CACHE_DIR=/home/runner/.elan/toolchains/leanprover--lean4---v4.22.0/lake/cache LEAN=/home/runner/.elan/toolchains/leanprover--lean4---v4.22.0/bin/lean LEAN_GITHASH=ba2cbbf09d4978f416e0ebd1fceeebc2c4138c05 LEAN_SYSROOT=/home/runner/.elan/toolchains/leanprover--lean4---v4.22.0 LEAN_AR=/home/runner/.elan/toolchains/leanprover--lean4---v4.22.0/bin/llvm-ar LEAN_CC= LEAN_PATH=/home/runner/work/ArkLib/ArkLib/.lake/packages/batteries/.lake/build/lib/lean:/home/runner/work/ArkLib/ArkLib/.lake/packages/Qq/.lake/build/lib/lean:/home/runner/work/ArkLib/ArkLib/.lake/packages/aesop/.lake/build/lib/lean:/home/runner/work/ArkLib/ArkLib/.lake/packages/proofwidgets/.lake/build/lib/lean:/home/runner/work/ArkLib/ArkLib/.lake/packages/importGraph/.lake/build/lib/lean:/home/runner/work/ArkLib/ArkLib/.lake/packages/LeanSearchClient/.lake/build/lib/lean:/home/runner/work/ArkLib/ArkLib/.lake/packages/plausible/.lake/build/lib/lean:/home/runner/work/ArkLib/ArkLib/.lake/packages/mathlib/.lake/build/lib/lean:/home/runner/work/ArkLib/ArkLib/.lake/packages/MD4Lean/.lake/build/lib/lean:/home/runner/work/ArkLib/ArkLib/.lake/packages/BibtexQuery/.lake/build/lib/lean:/home/runner/work/ArkLib/ArkLib/.lake/packages/UnicodeBasic/.lake/build/lib/lean:/home/runner/work/ArkLib/ArkLib/.lake/packages/Cli/.lake/build/lib/lean:/home/runner/work/ArkLib/ArkLib/.lake/packages/VCVio/.lake/build/lib/lean:/home/runner/work/ArkLib/ArkLib/.lake/packages/doc-gen4/.lake/build/lib/lean:/home/runner/work/ArkLib/ArkLib/.lake/packages/checkdecls/.lake/build/lib/lean:/home/runner/work/ArkLib/ArkLib/.lake/build/lib/lean:/home/runner/.elan/toolchains/leanprover--lean4---v4.22.0/lib/lean LEAN_SRC_PATH=/home/runner/work/ArkLib/ArkLib/.lake/packages/batteries:/home/runner/work/ArkLib/ArkLib/.lake/packages/batteries:/home/runner/work/ArkLib/ArkLib/.lake/packages/Qq:/home/runner/work/ArkLib/ArkLib/.lake/packages/aesop:/home/runner/work/ArkLib/ArkLib/.lake/packages/aesop:/home/runner/work/ArkLib/ArkLib/.lake/packages/proofwidgets:/home/runner/work/ArkLib/ArkLib/.lake/packages/proofwidgets:/home/runner/work/ArkLib/ArkLib/.lake/packages/importGraph:/home/runner/work/ArkLib/ArkLib/.lake/packages/importGraph:/home/runner/work/ArkLib/ArkLib/.lake/packages/LeanSearchClient:/home/runner/work/ArkLib/ArkLib/.lake/packages/LeanSearchClient:/home/runner/work/ArkLib/ArkLib/.lake/packages/plausible:/home/runner/work/ArkLib/ArkLib/.lake/packages/plausible:/home/runner/work/ArkLib/ArkLib/.lake/packages/mathlib:/home/runner/work/ArkLib/ArkLib/.lake/packages/mathlib:/home/runner/work/ArkLib/ArkLib/.lake/packages/mathlib:/home/runner/work/ArkLib/ArkLib/.lake/packages/mathlib:/home/runner/work/ArkLib/ArkLib/.lake/packages/mathlib:/home/runner/work/ArkLib/ArkLib/.lake/packages/mathlib:/home/runner/work/ArkLib/ArkLib/.lake/packages/mathlib:/home/runner/work/ArkLib/ArkLib/.lake/packages/MD4Lean:/home/runner/work/ArkLib/ArkLib/.lake/packages/MD4Lean:/home/runner/work/ArkLib/ArkLib/.lake/packages/BibtexQuery:/home/runner/work/ArkLib/ArkLib/.lake/packages/UnicodeBasic:/home/runner/work/ArkLib/ArkLib/.lake/packages/UnicodeBasic:/home/runner/work/ArkLib/ArkLib/.lake/packages/Cli:/home/runner/work/ArkLib/ArkLib/.lake/packages/VCVio:/home/runner/work/ArkLib/ArkLib/.lake/packages/VCVio:/home/runner/work/ArkLib/ArkLib/.lake/packages/VCVio:/home/runner/work/ArkLib/ArkLib/.lake/packages/VCVio:/home/runner/work/ArkLib/ArkLib/.lake/packages/doc-gen4:/home/runner/work/ArkLib/ArkLib:/home/runner/.elan/toolchains/leanprover--lean4---v4.22.0/src/lean/lake PATH LD_LIBRARY_PATH=/home/runner/.elan/toolchains/leanprover--lean4---v4.22.0/lib/lean:/home/runner/.elan/toolchains/leanprover--lean4---v4.22.0/lib:/home/runner/work/ArkLib/ArkLib/.lake/build/lib:/home/runner/work/ArkLib/ArkLib/.lake/packages/checkdecls/.lake/build/lib:/home/runner/work/ArkLib/ArkLib/.lake/packages/doc-gen4/.lake/build/lib:/home/runner/work/ArkLib/ArkLib/.lake/packages/VCVio/.lake/build/lib:/home/runner/work/ArkLib/ArkLib/.lake/packages/Cli/.lake/build/lib:/home/runner/work/ArkLib/ArkLib/.lake/packages/UnicodeBasic/.lake/build/lib:/home/runner/work/ArkLib/ArkLib/.lake/packages/BibtexQuery/.lake/build/lib:/home/runner/work/ArkLib/ArkLib/.lake/packages/MD4Lean/.lake/build/lib:/home/runner/work/ArkLib/ArkLib/.lake/packages/mathlib/.lake/build/lib:/home/runner/work/ArkLib/ArkLib/.lake/packages/plausible/.lake/build/lib:/home/runner/work/ArkLib/ArkLib/.lake/packages/LeanSearchClient/.lake/build/lib:/home/runner/work/ArkLib/ArkLib/.lake/packages/importGraph/.lake/build/lib:/home/runner/work/ArkLib/ArkLib/.lake/packages/proofwidgets/.lake/build/lib:/home/runner/work/ArkLib/ArkLib/.lake/packages/aesop/.lake/build/lib:/home/runner/work/ArkLib/ArkLib/.lake/packages/Qq/.lake/build/lib:/home/runner/work/ArkLib/ArkLib/.lake/packages/batteries/.lake/build/lib /home/runner/work/ArkLib/ArkLib/.lake/packages/doc-gen4/.lake/build/bin/doc-gen4 single --build /home/runner/work/ArkLib/ArkLib/.lake/build VCVio https://github.com/Verified-zkEVM/VCV-io/blob/eda64ddc6cc3aff53b9dd6cbbc2f63a619309fe1/VCVio.lean",
   "level": "trace"}],
 "inputs":
 [["<collection>",
   [["/home/runner/work/ArkLib/ArkLib/.lake/build/doc/VCVio/CryptoFoundations/AsymmEncAlg.html",
     "537389933306683664"],
    ["/home/runner/work/ArkLib/ArkLib/.lake/build/doc/VCVio/CryptoFoundations/Asymptotics/Negligible.html",
     "6129700862685327039"],
    ["/home/runner/work/ArkLib/ArkLib/.lake/build/doc/VCVio/CryptoFoundations/Asymptotics/PolyTimeOC.html",
     "1436771907133281099"],
    ["/home/runner/work/ArkLib/ArkLib/.lake/build/doc/VCVio/CryptoFoundations/FiatShamir.html",
     "7396041560932817292"],
    ["/home/runner/work/ArkLib/ArkLib/.lake/build/doc/VCVio/CryptoFoundations/Fork.html",
     "9427646729395340148"],
    ["/home/runner/work/ArkLib/ArkLib/.lake/build/doc/VCVio/CryptoFoundations/HardnessAssumptions/DiffieHellman.html",
     "8823992979475016432"],
    ["/home/runner/work/ArkLib/ArkLib/.lake/build/doc/VCVio/CryptoFoundations/HardnessAssumptions/HardHomogeneousSpace.html",
     "14390685519236862031"],
    ["/home/runner/work/ArkLib/ArkLib/.lake/build/doc/VCVio/CryptoFoundations/HardnessAssumptions/HardRelation.html",
     "9000241863590059445"],
    ["/home/runner/work/ArkLib/ArkLib/.lake/build/doc/VCVio/CryptoFoundations/HardnessAssumptions/LWE.html",
     "3697125239117310031"],
    ["/home/runner/work/ArkLib/ArkLib/.lake/build/doc/VCVio/CryptoFoundations/KeyEncapMech.html",
     "17979754773661890300"],
    ["/home/runner/work/ArkLib/ArkLib/.lake/build/doc/VCVio/CryptoFoundations/SecExp.html",
     "13308437278395196485"],
    ["/home/runner/work/ArkLib/ArkLib/.lake/build/doc/VCVio/CryptoFoundations/SigmaAlg.html",
     "3840251486579151196"],
    ["/home/runner/work/ArkLib/ArkLib/.lake/build/doc/VCVio/CryptoFoundations/SignatureAlg.html",
     "190910999320015819"],
    ["/home/runner/work/ArkLib/ArkLib/.lake/build/doc/VCVio/CryptoFoundations/SymmEncAlg.html",
     "11768279867105872996"],
    ["/home/runner/work/ArkLib/ArkLib/.lake/build/doc/VCVio/EvalDist/Basic.html",
     "2571316949436551845"],
    ["/home/runner/work/ArkLib/ArkLib/.lake/build/doc/VCVio/OracleComp/Coercions/Append.html",
     "598701711519957882"],
    ["/home/runner/work/ArkLib/ArkLib/.lake/build/doc/VCVio/OracleComp/Coercions/SimOracle.html",
     "12675231272413910769"],
    ["/home/runner/work/ArkLib/ArkLib/.lake/build/doc/VCVio/OracleComp/Coercions/SubSpec.html",
     "15953057727322025978"],
    ["/home/runner/work/ArkLib/ArkLib/.lake/build/doc/VCVio/OracleComp/Constructions/GenerateSeed.html",
     "5520444897453103369"],
    ["/home/runner/work/ArkLib/ArkLib/.lake/build/doc/VCVio/OracleComp/Constructions/Replicate.html",
     "10640729019789099332"],
    ["/home/runner/work/ArkLib/ArkLib/.lake/build/doc/VCVio/OracleComp/Constructions/UniformSelect.html",
     "11801960147941719474"],
    ["/home/runner/work/ArkLib/ArkLib/.lake/build/doc/VCVio/OracleComp/DistSemantics/ActiveOracles.html",
     "6812573663136106373"],
    ["/home/runner/work/ArkLib/ArkLib/.lake/build/doc/VCVio/OracleComp/DistSemantics/Alternative.html",
     "11403281000899755414"],
    ["/home/runner/work/ArkLib/ArkLib/.lake/build/doc/VCVio/OracleComp/DistSemantics/BitVec.html",
     "13316155809766764841"],
    ["/home/runner/work/ArkLib/ArkLib/.lake/build/doc/VCVio/OracleComp/DistSemantics/EvalDist.html",
     "4378500395606896876"],
    ["/home/runner/work/ArkLib/ArkLib/.lake/build/doc/VCVio/OracleComp/DistSemantics/HEq.html",
     "7598244891520735072"],
    ["/home/runner/work/ArkLib/ArkLib/.lake/build/doc/VCVio/OracleComp/DistSemantics/List.html",
     "3094732972482253130"],
    ["/home/runner/work/ArkLib/ArkLib/.lake/build/doc/VCVio/OracleComp/DistSemantics/Monad.html",
     "15193708140271668053"],
    ["/home/runner/work/ArkLib/ArkLib/.lake/build/doc/VCVio/OracleComp/DistSemantics/Prod.html",
     "1922108857113659345"],
    ["/home/runner/work/ArkLib/ArkLib/.lake/build/doc/VCVio/OracleComp/DistSemantics/Seq.html",
     "12212252959838156916"],
    ["/home/runner/work/ArkLib/ArkLib/.lake/build/doc/VCVio/OracleComp/DistSemantics/Simulate.html",
     "3520028657879577331"],
    ["/home/runner/work/ArkLib/ArkLib/.lake/build/doc/VCVio/OracleComp/ExecutionMethod.html",
     "4198614338822243996"],
    ["/home/runner/work/ArkLib/ArkLib/.lake/build/doc/VCVio/OracleComp/OracleComp.html",
     "531779327168360752"],
    ["/home/runner/work/ArkLib/ArkLib/.lake/build/doc/VCVio/OracleComp/OracleSpec.html",
     "2693246423371407286"],
    ["/home/runner/work/ArkLib/ArkLib/.lake/build/doc/VCVio/OracleComp/QueryBound.html",
     "16766324565855841123"],
    ["/home/runner/work/ArkLib/ArkLib/.lake/build/doc/VCVio/OracleComp/QueryTracking/CachingOracle.html",
     "1748493085300003102"],
    ["/home/runner/work/ArkLib/ArkLib/.lake/build/doc/VCVio/OracleComp/QueryTracking/CountingOracle.html",
     "17995107420023310079"],
    ["/home/runner/work/ArkLib/ArkLib/.lake/build/doc/VCVio/OracleComp/QueryTracking/LoggingOracle.html",
     "17813189752532311657"],
    ["/home/runner/work/ArkLib/ArkLib/.lake/build/doc/VCVio/OracleComp/QueryTracking/SeededOracle.html",
     "14686225730498287600"],
    ["/home/runner/work/ArkLib/ArkLib/.lake/build/doc/VCVio/OracleComp/QueryTracking/Structures.html",
     "9368929043885278884"],
    ["/home/runner/work/ArkLib/ArkLib/.lake/build/doc/VCVio/OracleComp/RunIO.html",
     "10046221828405700344"],
    ["/home/runner/work/ArkLib/ArkLib/.lake/build/doc/VCVio/OracleComp/SimSemantics/Append.html",
     "5677765696387351653"],
    ["/home/runner/work/ArkLib/ArkLib/.lake/build/doc/VCVio/OracleComp/SimSemantics/Constructions.html",
     "12789698055201398002"],
    ["/home/runner/work/ArkLib/ArkLib/.lake/build/doc/VCVio/OracleComp/SimSemantics/SimulateQ.html",
     "5458885211775903271"],
    ["/home/runner/work/ArkLib/ArkLib/.lake/build/doc/VCVio/OracleComp/SimSemantics/StateT.html",
     "17805880016901767116"],
    ["/home/runner/work/ArkLib/ArkLib/.lake/build/doc/VCVio/OracleComp/SimSemantics/WriterT.html",
     "5901005548016326005"],
    ["/home/runner/work/ArkLib/ArkLib/.lake/build/doc/VCVio/OracleComp/Support.html",
     "15496846907731577083"],
    ["/home/runner/work/ArkLib/ArkLib/.lake/build/doc/VCVio/OracleComp/Traversal.html",
     "13783653076615413383"],
    ["/home/runner/work/ArkLib/ArkLib/.lake/build/doc/VCVio/ProgramLogic/Relational/Basic.html",
     "17722819938316443736"],
    ["/home/runner/work/ArkLib/ArkLib/.lake/build/doc/VCVio/ProgramLogic/Unary/DijkstraMonad.html",
     "3465035924605011914"],
    ["/home/runner/work/ArkLib/ArkLib/.lake/build/doc/VCVio/ProgramLogic/Unary/Examples.html",
     "12298631460246162276"],
    ["/home/runner/work/ArkLib/ArkLib/.lake/build/doc/VCVio/ProgramLogic/Unary/HoareTriple.html",
     "8349893222875201063"]]],
  ["/home/runner/work/ArkLib/ArkLib/.lake/build/doc-data/references.json",
   "11893762902049086281"],
  ["/home/runner/work/ArkLib/ArkLib/.lake/packages/doc-gen4/.lake/build/bin/doc-gen4",
   "5062148696150494445"],
  ["VCVio:leanArts", "7437087890168717499"]],
 "depHash": "10778995736396844299"}